[    0.000000] Linux version 4.15.0-212-generic (buildd@lcy02-amd64-083) (gcc version 7.5.0 (Ubuntu 7.5.0-3ubuntu1~18.04)) #223-Ubuntu SMP Tue May 23 13:09:22 UTC 2023 (Ubuntu 4.15.0-212.223-generic 4.15.18)
[    0.000000] Command line: BOOT_IMAGE=/boot/vmlinuz-4.15.0-212-generic root=LABEL=cloudimg-rootfs ro console=tty1 console=ttyS0
[    0.000000] KERNEL supported cpus:
[    0.000000]   Intel GenuineIntel
[    0.000000]   AMD AuthenticAMD
[    0.000000]   Centaur CentaurHauls
[    0.000000] x86/fpu: Supporting XSAVE feature 0x001: 'x87 floating point registers'
[    0.000000] x86/fpu: Supporting XSAVE feature 0x002: 'SSE registers'
[    0.000000] x86/fpu: Supporting XSAVE feature 0x004: 'AVX registers'
[    0.000000] x86/fpu: xstate_offset[2]:  576, xstate_sizes[2]:  256
[    0.000000] x86/fpu: Enabled xstate features 0x7, context size is 832 bytes, using 'standard' format.
[    0.000000] e820: BIOS-provided physical RAM map:
[    0.000000] BIOS-e820: [mem 0x0000000000000000-0x000000000009fbff] usable
[    0.000000] BIOS-e820: [mem 0x000000000009fc00-0x000000000009ffff] reserved
[    0.000000] BIOS-e820: [mem 0x00000000000f0000-0x00000000000fffff] reserved
[    0.000000] BIOS-e820: [mem 0x0000000000100000-0x000000007ffeffff] usable
[    0.000000] BIOS-e820: [mem 0x000000007fff0000-0x000000007fffffff] ACPI data
[    0.000000] BIOS-e820: [mem 0x00000000fec00000-0x00000000fec00fff] reserved
[    0.000000] BIOS-e820: [mem 0x00000000fee00000-0x00000000fee00fff] reserved
[    0.000000] BIOS-e820: [mem 0x00000000fffc0000-0x00000000ffffffff] reserved
[    0.000000] NX (Execute Disable) protection: active
[    0.000000] SMBIOS 2.5 present.
[    0.000000] DMI: innotek GmbH VirtualBox/VirtualBox, BIOS VirtualBox 12/01/2006
[    0.000000] Hypervisor detected: KVM
[    0.000000] e820: last_pfn = 0x7fff0 max_arch_pfn = 0x400000000
[    0.000000] MTRR: Disabled
[    0.000000] x86/PAT: MTRRs disabled, skipping PAT initialization too.
[    0.000000] CPU MTRRs all blank - virtualized system.
[    0.000000] x86/PAT: Configuration [0-7]: WB  WT  UC- UC  WB  WT  UC- UC  
[    0.000000] found SMP MP-table at [mem 0x0009fff0-0x0009ffff]
[    0.000000] Scanning 1 areas for low memory corruption
[    0.000000] RAMDISK: [mem 0x359cb000-0x36cdcfff]
[    0.000000] ACPI: Early table checksum verification disabled
[    0.000000] ACPI: RSDP 0x00000000000E0000 000024 (v02 VBOX  )
[    0.000000] ACPI: XSDT 0x000000007FFF0030 00003C (v01 VBOX   VBOXXSDT 00000001 ASL  00000061)
[    0.000000] ACPI: FACP 0x000000007FFF00F0 0000F4 (v04 VBOX   VBOXFACP 00000001 ASL  00000061)
[    0.000000] ACPI: DSDT 0x000000007FFF0470 002325 (v02 VBOX   VBOXBIOS 00000002 INTL 20200925)
[    0.000000] ACPI: FACS 0x000000007FFF0200 000040
[    0.000000] ACPI: FACS 0x000000007FFF0200 000040
[    0.000000] ACPI: APIC 0x000000007FFF0240 00005C (v02 VBOX   VBOXAPIC 00000001 ASL  00000061)
[    0.000000] ACPI: SSDT 0x000000007FFF02A0 0001CC (v01 VBOX   VBOXCPUT 00000002 INTL 20200925)
[    0.000000] ACPI: Reserving FACP table memory at [mem 0x7fff00f0-0x7fff01e3]
[    0.000000] ACPI: Reserving DSDT table memory at [mem 0x7fff0470-0x7fff2794]
[    0.000000] ACPI: Reserving FACS table memory at [mem 0x7fff0200-0x7fff023f]
[    0.000000] ACPI: Reserving FACS table memory at [mem 0x7fff0200-0x7fff023f]
[    0.000000] ACPI: Reserving APIC table memory at [mem 0x7fff0240-0x7fff029b]
[    0.000000] ACPI: Reserving SSDT table memory at [mem 0x7fff02a0-0x7fff046b]
[    0.000000] No NUMA configuration found
[    0.000000] Faking a node at [mem 0x0000000000000000-0x000000007ffeffff]
[    0.000000] NODE_DATA(0) allocated [mem 0x7ffc5000-0x7ffeffff]
[    0.000000] kvm-clock: cpu 0, msr 0:7ff44001, primary cpu clock
[    0.000000] kvm-clock: Using msrs 4b564d01 and 4b564d00
[    0.000000] kvm-clock: using sched offset of 3051430711 cycles
[    0.000000] clocksource: kvm-clock: mask: 0xffffffffffffffff max_cycles: 0x1cd42e4dffb, max_idle_ns: 881590591483 ns
[    0.000000] Zone ranges:
[    0.000000]   DMA      [mem 0x0000000000001000-0x0000000000ffffff]
[    0.000000]   DMA32    [mem 0x0000000001000000-0x000000007ffeffff]
[    0.000000]   Normal   empty
[    0.000000]   Device   empty
[    0.000000] Movable zone start for each node
[    0.000000] Early memory node ranges
[    0.000000]   node   0: [mem 0x0000000000001000-0x000000000009efff]
[    0.000000]   node   0: [mem 0x0000000000100000-0x000000007ffeffff]
[    0.000000] Reserved but unavailable: 104 pages
[    0.000000] Initmem setup node 0 [mem 0x0000000000001000-0x000000007ffeffff]
[    0.000000] ACPI: PM-Timer IO Port: 0x4008
[    0.000000] IOAPIC[0]: apic_id 2, version 32, address 0xfec00000, GSI 0-23
[    0.000000] ACPI: INT_SRC_OVR (bus 0 bus_irq 0 global_irq 2 dfl dfl)
[    0.000000] ACPI: INT_SRC_OVR (bus 0 bus_irq 9 global_irq 9 low level)
[    0.000000] Using ACPI (MADT) for SMP configuration information
[    0.000000] smpboot: Allowing 2 CPUs, 0 hotplug CPUs
[    0.000000] PM: Registered nosave memory: [mem 0x00000000-0x00000fff]
[    0.000000] PM: Registered nosave memory: [mem 0x0009f000-0x0009ffff]
[    0.000000] PM: Registered nosave memory: [mem 0x000a0000-0x000effff]
[    0.000000] PM: Registered nosave memory: [mem 0x000f0000-0x000fffff]
[    0.000000] e820: [mem 0x80000000-0xfebfffff] available for PCI devices
[    0.000000] Booting paravirtualized kernel on KVM
[    0.000000] clocksource: refined-jiffies: mask: 0xffffffff max_cycles: 0xffffffff, max_idle_ns: 7645519600211568 ns
[    0.000000] setup_percpu: NR_CPUS:8192 nr_cpumask_bits:2 nr_cpu_ids:2 nr_node_ids:1
[    0.000000] percpu: Embedded 50 pages/cpu s167936 r8192 d28672 u1048576
[    0.000000] PV qspinlock hash table entries: 256 (order: 0, 4096 bytes)
[    0.000000] Built 1 zonelists, mobility grouping on.  Total pages: 515961
[    0.000000] Policy zone: DMA32
[    0.000000] Kernel command line: BOOT_IMAGE=/boot/vmlinuz-4.15.0-212-generic root=LABEL=cloudimg-rootfs ro console=tty1 console=ttyS0
[    0.000000] Memory: 2014836K/2096696K available (12300K kernel code, 2477K rwdata, 4324K rodata, 2480K init, 2720K bss, 81860K reserved, 0K cma-reserved)
[    0.000000] SLUB: HWalign=64, Order=0-3, MinObjects=0, CPUs=2, Nodes=1
[    0.000000] Kernel/User page tables isolation: enabled
[    0.000000] ftrace: allocating 39508 entries in 155 pages
[    0.004000] Hierarchical RCU implementation.
[    0.004000] 	RCU restricting CPUs from NR_CPUS=8192 to nr_cpu_ids=2.
[    0.004000] 	Tasks RCU enabled.
[    0.004000] RCU: Adjusting geometry for rcu_fanout_leaf=16, nr_cpu_ids=2
[    0.004000] NR_IRQS: 524544, nr_irqs: 440, preallocated irqs: 16
[    0.004000] random: crng init done
[    0.004000] Console: colour VGA+ 80x25
[    0.004000] console [tty1] enabled
[    0.004000] console [ttyS0] enabled
[    0.004000] ACPI: Core revision 20170831
[    0.004000] ACPI: 2 ACPI AML tables successfully acquired and loaded
[    0.004000] APIC: Switch to symmetric I/O mode setup
[    0.004000] x2apic enabled
[    0.004000] Switched APIC routing to physical x2apic.
[    0.004000] ..TIMER: vector=0x30 apic1=0 pin1=2 apic2=-1 pin2=-1
[    0.004000] tsc: Detected 3417.598 MHz processor
[    0.004000] Calibrating delay loop (skipped) preset value.. 6835.19 BogoMIPS (lpj=13670392)
[    0.004004] pid_max: default: 32768 minimum: 301
[    0.004527] Security Framework initialized
[    0.005000] Yama: becoming mindful.
[    0.005387] AppArmor: AppArmor initialized
[    0.006537] Dentry cache hash table entries: 262144 (order: 9, 2097152 bytes)
[    0.007816] Inode-cache hash table entries: 131072 (order: 8, 1048576 bytes)
[    0.008012] Mount-cache hash table entries: 4096 (order: 3, 32768 bytes)
[    0.008639] Mountpoint-cache hash table entries: 4096 (order: 3, 32768 bytes)
[    0.009575] Last level iTLB entries: 4KB 0, 2MB 0, 4MB 0
[    0.010173] Last level dTLB entries: 4KB 0, 2MB 0, 4MB 0, 1GB 0
[    0.010790] Spectre V1 : Mitigation: usercopy/swapgs barriers and __user pointer sanitization
[    0.012001] Spectre V2 : Mitigation: Retpolines
[    0.012478] Spectre V2 : Spectre v2 / SpectreRSB mitigation: Filling RSB on context switch
[    0.013348] Spectre V2 : Spectre v2 / SpectreRSB : Filling RSB on VMEXIT
[    0.014038] Speculative Store Bypass: Vulnerable
[    0.014571] MDS: Mitigation: Clear CPU buffers
[    0.015197] Freeing SMP alternatives memory: 36K
[    0.125639] smpboot: CPU0: 11th Gen Intel(R) Core(TM) i7-11390H @ 3.40GHz (family: 0x6, model: 0x8c, stepping: 0x2)
[    0.127362] Performance Events: unsupported p6 CPU model 140 no PMU driver, software events only.
[    0.128000] Hierarchical SRCU implementation.
[    0.128000] NMI watchdog: Perf event create on CPU 0 failed with -2
[    0.128002] NMI watchdog: Perf NMI watchdog permanently disabled
[    0.128718] smp: Bringing up secondary CPUs ...
[    0.129202] x86: Booting SMP configuration:
[    0.129604] .... node  #0, CPUs:      #1
[    0.004000] kvm-clock: cpu 1, msr 0:7ff44041, secondary cpu clock
[    0.132016] smp: Brought up 1 node, 2 CPUs
[    0.132449] smpboot: Max logical packages: 1
[    0.132845] smpboot: Total of 2 processors activated (13670.39 BogoMIPS)
[    0.133550] devtmpfs: initialized
[    0.133550] x86/mm: Memory block size: 128MB
[    0.136123] evm: security.selinux
[    0.136471] evm: security.SMACK64
[    0.136794] evm: security.SMACK64EXEC
[    0.137215] evm: security.SMACK64TRANSMUTE
[    0.137671] evm: security.SMACK64MMAP
[    0.138070] evm: security.apparmor
[    0.138469] evm: security.ima
[    0.138817] evm: security.capability
[    0.139236] clocksource: jiffies: mask: 0xffffffff max_cycles: 0xffffffff, max_idle_ns: 7645041785100000 ns
[    0.140005] futex hash table entries: 512 (order: 3, 32768 bytes)
[    0.140687] pinctrl core: initialized pinctrl subsystem
[    0.141338] RTC time:  6:47:51, date: 09/05/23
[    0.141924] NET: Registered protocol family 16
[    0.142451] audit: initializing netlink subsys (disabled)
[    0.143020] audit: type=2000 audit(1693896475.846:1): state=initialized audit_enabled=0 res=1
[    0.144006] cpuidle: using governor ladder
[    0.144488] cpuidle: using governor menu
[    0.144967] ACPI: bus type PCI registered
[    0.145409] acpiphp: ACPI Hot Plug PCI Controller Driver version: 0.5
[    0.146155] PCI: Using configuration type 1 for base access
[    0.148658] HugeTLB registered 2.00 MiB page size, pre-allocated 0 pages
[    0.148770] ACPI: Added _OSI(Module Device)
[    0.148770] ACPI: Added _OSI(Processor Device)
[    0.148996] ACPI: Added _OSI(3.0 _SCP Extensions)
[    0.149521] ACPI: Added _OSI(Processor Aggregator Device)
[    0.152003] ACPI: Added _OSI(Linux-Dell-Video)
[    0.152507] ACPI: Added _OSI(Linux-Lenovo-NV-HDMI-Audio)
[    0.153102] ACPI: Added _OSI(Linux-HPI-Hybrid-Graphics)
[    0.153830] ACPI: Executed 1 blocks of module-level executable AML code
[    0.156448] ACPI: Interpreter enabled
[    0.156819] ACPI: (supports S0 S5)
[    0.157190] ACPI: Using IOAPIC for interrupt routing
[    0.157843] PCI: Using host bridge windows from ACPI; if necessary, use "pci=nocrs" and report a bug
[    0.158759] ACPI: Enabled 2 GPEs in block 00 to 07
[    0.162393] ACPI: PCI Root Bridge [PCI0] (domain 0000 [bus 00-ff])
[    0.163001] acpi PNP0A03:00: _OSC: OS supports [ASPM ClockPM Segments MSI]
[    0.163902] acpi PNP0A03:00: _OSC: not requesting OS control; OS requires [ExtendedConfig ASPM ClockPM MSI]
[    0.164008] acpi PNP0A03:00: fail to add MMCONFIG information, can't access extended PCI configuration space under this bridge.
[    0.165408] PCI host bridge to bus 0000:00
[    0.165855] pci_bus 0000:00: root bus resource [io  0x0000-0x0cf7 window]
[    0.166485] pci_bus 0000:00: root bus resource [io  0x0d00-0xffff window]
[    0.168002] pci_bus 0000:00: root bus resource [mem 0x000a0000-0x000bffff window]
[    0.168767] pci_bus 0000:00: root bus resource [mem 0x80000000-0xfdffffff window]
[    0.169953] pci_bus 0000:00: root bus resource [bus 00-ff]
[    0.171705] pci 0000:00:01.1: legacy IDE quirk: reg 0x10: [io  0x01f0-0x01f7]
[    0.172003] pci 0000:00:01.1: legacy IDE quirk: reg 0x14: [io  0x03f6]
[    0.172729] pci 0000:00:01.1: legacy IDE quirk: reg 0x18: [io  0x0170-0x0177]
[    0.173559] pci 0000:00:01.1: legacy IDE quirk: reg 0x1c: [io  0x0376]
[    0.187009] pci 0000:00:07.0: quirk: [io  0x4000-0x403f] claimed by PIIX4 ACPI
[    0.188012] pci 0000:00:07.0: quirk: [io  0x4100-0x410f] claimed by PIIX4 SMB
[    0.194500] ACPI: PCI Interrupt Link [LNKA] (IRQs 5 9 10 *11)
[    0.195226] ACPI: PCI Interrupt Link [LNKB] (IRQs 5 9 *10 11)
[    0.195826] ACPI: PCI Interrupt Link [LNKC] (IRQs 5 *9 10 11)
[    0.196060] ACPI: PCI Interrupt Link [LNKD] (IRQs 5 9 10 *11)
[    0.196829] SCSI subsystem initialized
[    0.197265] pci 0000:00:02.0: vgaarb: setting as boot VGA device
[    0.197265] pci 0000:00:02.0: vgaarb: VGA device added: decodes=io+mem,owns=io+mem,locks=none
[    0.197367] pci 0000:00:02.0: vgaarb: bridge control possible
[    0.200009] vgaarb: loaded
[    0.200442] ACPI: bus type USB registered
[    0.200859] usbcore: registered new interface driver usbfs
[    0.201387] usbcore: registered new interface driver hub
[    0.201937] usbcore: registered new device driver usb
[    0.202490] EDAC MC: Ver: 3.0.0
[    0.202490] PCI: Using ACPI for IRQ routing
[    0.202490] NetLabel: Initializing
[    0.204004] NetLabel:  domain hash size = 128
[    0.204431] NetLabel:  protocols = UNLABELED CIPSOv4 CALIPSO
[    0.204971] NetLabel:  unlabeled traffic allowed by default
[    0.205495] clocksource: Switched to clocksource kvm-clock
[    0.211316] VFS: Disk quotas dquot_6.6.0
[    0.211840] VFS: Dquot-cache hash table entries: 512 (order 0, 4096 bytes)
[    0.212553] AppArmor: AppArmor Filesystem Enabled
[    0.213016] pnp: PnP ACPI init
[    0.213875] pnp: PnP ACPI: found 3 devices
[    0.220789] clocksource: acpi_pm: mask: 0xffffff max_cycles: 0xffffff, max_idle_ns: 2085701024 ns
[    0.221858] NET: Registered protocol family 2
[    0.222387] IP idents hash table entries: 32768 (order: 6, 262144 bytes)
[    0.223221] TCP established hash table entries: 16384 (order: 5, 131072 bytes)
[    0.223965] TCP bind hash table entries: 16384 (order: 6, 262144 bytes)
[    0.225092] TCP: Hash tables configured (established 16384 bind 16384)
[    0.225717] UDP hash table entries: 1024 (order: 3, 32768 bytes)
[    0.226242] UDP-Lite hash table entries: 1024 (order: 3, 32768 bytes)
[    0.226833] NET: Registered protocol family 1
[    0.227256] pci 0000:00:00.0: Limiting direct PCI/PCI transfers
[    0.227796] pci 0000:00:01.0: Activating ISA DMA hang workarounds
[    0.228395] pci 0000:00:02.0: Video device with shadowed ROM at [mem 0x000c0000-0x000dffff]
[    0.229202] Unpacking initramfs...
[    0.403684] Freeing initrd memory: 19528K
[    0.404259] clocksource: tsc: mask: 0xffffffffffffffff max_cycles: 0x31433e83898, max_idle_ns: 440795269386 ns
[    0.405205] platform rtc_cmos: registered platform RTC device (no PNP device found)
[    0.405926] Scanning for low memory corruption every 60 seconds
[    0.407023] Initialise system trusted keyrings
[    0.407449] Key type blacklist registered
[    0.407866] workingset: timestamp_bits=36 max_order=19 bucket_order=0
[    0.409003] zbud: loaded
[    0.409537] squashfs: version 4.0 (2009/01/31) Phillip Lougher
[    0.410170] fuse init (API version 7.26)
[    0.411413] Key type asymmetric registered
[    0.411797] Asymmetric key parser 'x509' registered
[    0.412332] Block layer SCSI generic (bsg) driver version 0.4 loaded (major 246)
[    0.413060] io scheduler noop registered
[    0.413449] io scheduler deadline registered
[    0.413876] io scheduler cfq registered (default)
[    0.414491] ACPI: AC Adapter [AC] (on-line)
[    0.414973] input: Power Button as /devices/LNXSYSTM:00/LNXPWRBN:00/input/input0
[    0.415664] ACPI: Power Button [PWRF]
[    0.416059] input: Sleep Button as /devices/LNXSYSTM:00/LNXSLPBN:00/input/input1
[    0.416744] ACPI: Sleep Button [SLPF]
[    0.417627] ACPI: Battery Slot [BAT0] (battery present)
[    0.418177] Serial: 8250/16550 driver, 32 ports, IRQ sharing enabled
[    0.439177] 00:02: ttyS0 at I/O 0x3f8 (irq = 4, base_baud = 115200) is a 16550A
[    0.442039] Linux agpgart interface v0.103
[    0.443259] loop: module loaded
[    0.443966] scsi host0: ata_piix
[    0.444388] scsi host1: ata_piix
[    0.444739] ata1: PATA max UDMA/33 cmd 0x1f0 ctl 0x3f6 bmdma 0xd000 irq 14
[    0.445344] ata2: PATA max UDMA/33 cmd 0x170 ctl 0x376 bmdma 0xd008 irq 15
[    0.446012] tun: Universal TUN/TAP device driver, 1.6
[    0.446608] PPP generic driver version 2.4.2
[    0.447131] ehci_hcd: USB 2.0 'Enhanced' Host Controller (EHCI) Driver
[    0.447721] ehci-pci: EHCI PCI platform driver
[    0.448201] ehci-platform: EHCI generic platform driver
[    0.448704] ohci_hcd: USB 1.1 'Open' Host Controller (OHCI) Driver
[    0.449323] ohci-pci: OHCI PCI platform driver
[    0.449746] ohci-platform: OHCI generic platform driver
[    0.450273] uhci_hcd: USB Universal Host Controller Interface driver
[    0.450877] i8042: PNP: PS/2 Controller [PNP0303:PS2K,PNP0f03:PS2M] at 0x60,0x64 irq 1,12
[    0.451931] serio: i8042 KBD port at 0x60,0x64 irq 1
[    0.452464] serio: i8042 AUX port at 0x60,0x64 irq 12
[    0.453044] mousedev: PS/2 mouse device common for all mice
[    0.454021] input: AT Translated Set 2 keyboard as /devices/platform/i8042/serio0/input/input2
[    0.455077] rtc_cmos rtc_cmos: rtc core: registered rtc_cmos as rtc0
[    0.456072] rtc_cmos rtc_cmos: alarms up to one day, 114 bytes nvram
[    0.456710] i2c /dev entries driver
[    0.457100] device-mapper: uevent: version 1.0.3
[    0.457598] device-mapper: ioctl: 4.37.0-ioctl (2017-09-20) initialised: dm-devel@redhat.com
[    0.458425] ledtrig-cpu: registered to indicate activity on CPUs
[    0.459274] NET: Registered protocol family 10
[    0.462220] Segment Routing with IPv6
[    0.462627] NET: Registered protocol family 17
[    0.463106] Key type dns_resolver registered
[    0.463735] mce: Using 0 MCE banks
[    0.464138] RAS: Correctable Errors collector initialized.
[    0.464763] sched_clock: Marking stable (464124780, 0)->(557033023, -92908243)
[    0.465740] registered taskstats version 1
[    0.466132] Loading compiled-in X.509 certificates
[    0.467961] Loaded X.509 cert 'Build time autogenerated kernel key: b5b26778eaa3ab3a4a6cee031137706e947d12ad'
[    0.469454] Loaded X.509 cert 'Canonical Ltd. Live Patch Signing: 14df34d1a87cf37625abec039ef2bf521249b969'
[    0.470639] Loaded X.509 cert 'Canonical Ltd. Kernel Module Signing: 88f752e560a1e0737e31163a466ad7b70a850c19'
[    0.471475] blacklist: Loading compiled-in revocation X.509 certificates
[    0.472101] Loaded X.509 cert 'Canonical Ltd. Secure Boot Signing: 61482aa2830d0ab2ad5af10b7250da9033ddcef0'
[    0.473203] Loaded X.509 cert 'Canonical Ltd. Secure Boot Signing (2017): 242ade75ac4a15e50d50c84b0d45ff3eae707a03'
[    0.474187] Loaded X.509 cert 'Canonical Ltd. Secure Boot Signing (ESM 2018): 365188c1d374d6b07c3c8f240f8ef722433d6a8b'
[    0.475190] Loaded X.509 cert 'Canonical Ltd. Secure Boot Signing (2019): c0746fd6c5da3ae827864651ad66ae47fe24b3e8'
[    0.476185] Loaded X.509 cert 'Canonical Ltd. Secure Boot Signing (2021 v1): a8d54bbb3825cfb94fa13c9f8a594a195c107b8d'
[    0.477233] Loaded X.509 cert 'Canonical Ltd. Secure Boot Signing (2021 v2): 4cf046892d6fd3c9a5b03f98d845f90851dc6a8c'
[    0.478229] Loaded X.509 cert 'Canonical Ltd. Secure Boot Signing (2021 v3): 100437bb6de6e469b581e61cd66bce3ef4ed53af'
[    0.479218] Loaded X.509 cert 'Canonical Ltd. Secure Boot Signing (Ubuntu Core 2019): c1d57b8f6b743f23ee41f4f7ee292f06eecadfb9'
[    0.480348] zswap: loaded using pool lzo/zbud
[    0.483023] Key type big_key registered
[    0.483467] Key type trusted registered
[    0.484923] Key type encrypted registered
[    0.485335] AppArmor: AppArmor sha1 policy hashing enabled
[    0.485856] ima: No TPM chip found, activating TPM-bypass! (rc=-19)
[    0.486436] ima: Allocated hash algorithm: sha1
[    0.486864] evm: HMAC attrs: 0x1
[    0.487319]   Magic number: 7:264:771
[    0.487725] rtc_cmos rtc_cmos: setting system clock to 2023-09-05 06:47:51 UTC (1693896471)
[    0.488560] BIOS EDD facility v0.16 2004-Jun-25, 0 devices found
[    0.489125] EDD information not available.
[    0.631594] Freeing unused kernel image memory: 2480K
[    0.640269] Write protecting the kernel read-only data: 20480k
[    0.642172] Freeing unused kernel image memory: 2008K
[    0.643461] Freeing unused kernel image memory: 1820K
[    0.650814] x86/mm: Checked W+X mappings: passed, no W+X pages found.
[    0.652093] x86/mm: Checking user space page tables
[    0.656844] x86/mm: Checked W+X mappings: passed, no W+X pages found.
Loading, please wait...
starting version 237
[    0.697590] Fusion MPT base driver 3.04.20
[    0.698120] Copyright (c) 1999-2008 LSI Corporation
[    0.700965] Fusion MPT SPI Host driver 3.04.20
[    0.701968] e1000: Intel(R) PRO/1000 Network Driver - version 7.3.21-k8-NAPI
[    0.702658] e1000: Copyright (c) 1999-2006 Intel Corporation.
[    0.707952] mptbase: ioc0: Initiating bringup
[    0.710027] AVX2 version of gcm_enc/dec engaged.
[    0.710577] AES CTR mode by8 optimization enabled
[    0.888876] ioc0: LSI53C1030 A0: Capabilities={Initiator}
[    0.918676] input: ImExPS/2 Generic Explorer Mouse as /devices/platform/i8042/serio1/input/input4
[    3.855032] scsi host2: ioc0: LSI53C1030 A0, FwRev=00000000h, Ports=1, MaxQ=256, IRQ=20
[    7.857256] scsi 2:0:0:0: Direct-Access     VBOX     HARDDISK         1.0  PQ: 0 ANSI: 5
[    7.880174] scsi target2:0:0: Beginning Domain Validation
[    7.883327] scsi target2:0:0: Domain Validation skipping write tests
[    7.884380] scsi target2:0:0: Ending Domain Validation
[    7.884918] scsi target2:0:0: asynchronous
[    7.885623] scsi 2:0:1:0: Direct-Access     VBOX     HARDDISK         1.0  PQ: 0 ANSI: 5
[    7.922842] scsi target2:0:1: Beginning Domain Validation
[    7.968518] scsi target2:0:1: Domain Validation skipping write tests
[    7.969454] scsi target2:0:1: Ending Domain Validation
[    7.970172] scsi target2:0:1: asynchronous
[    7.974361] sd 2:0:0:0: Attached scsi generic sg0 type 0
[    7.978666] sd 2:0:1:0: [sdb] 20480 512-byte logical blocks: (10.5 MB/10.0 MiB)
[    7.979613] sd 2:0:1:0: [sdb] Write Protect is off
[    7.980300] sd 2:0:1:0: [sdb] Incomplete mode parameter data
[    7.980989] sd 2:0:1:0: [sdb] Assuming drive cache: write through
[    7.982322] sd 2:0:0:0: [sda] 83886080 512-byte logical blocks: (42.9 GB/40.0 GiB)
[    7.983178] sd 2:0:1:0: Attached scsi generic sg1 type 0
[    7.983209] sd 2:0:0:0: [sda] Write Protect is off
[    7.988096] sd 2:0:0:0: [sda] Incomplete mode parameter data
[    7.988860] sd 2:0:0:0: [sda] Assuming drive cache: write through
[    7.990538] sd 2:0:1:0: [sdb] Attached SCSI disk
[    7.992438]  sda: sda1
[    7.996373] sd 2:0:0:0: [sda] Attached SCSI disk
[    8.222529] e1000 0000:00:03.0 eth0: (PCI:33MHz:32-bit) 02:3b:7b:b7:3b:2d
[    8.223739] e1000 0000:00:03.0 eth0: Intel(R) PRO/1000 Network Connection
[    8.574826] e1000 0000:00:08.0 eth1: (PCI:33MHz:32-bit) 08:00:27:16:4d:9f
[    8.575897] e1000 0000:00:08.0 eth1: Intel(R) PRO/1000 Network Connection
[    8.577686] e1000 0000:00:08.0 enp0s8: renamed from eth1
[    8.628596] e1000 0000:00:03.0 enp0s3: renamed from eth0
Begin: Loading essential drivers ... [   10.103790] raid6: sse2x1   gen() 24610 MB/s
[   10.155667] raid6: sse2x1   xor() 13200 MB/s
[   10.223987] raid6: sse2x2   gen() 29725 MB/s
[   10.272025] raid6: sse2x2   xor() 16495 MB/s
[   10.323437] raid6: sse2x4   gen() 28544 MB/s
[   10.375759] raid6: sse2x4   xor() 17797 MB/s
[   10.435602] raid6: avx2x1   gen() 46830 MB/s
[   10.491793] raid6: avx2x1   xor() 27789 MB/s
[   10.547867] raid6: avx2x2   gen() 55374 MB/s
[   10.603849] raid6: avx2x2   xor() 36825 MB/s
[   10.663773] raid6: avx2x4   gen() 58583 MB/s
[   10.715805] raid6: avx2x4   xor() 29333 MB/s
[   10.716412] raid6: using algorithm avx2x4 gen() 58583 MB/s
[   10.717016] raid6: .... xor() 29333 MB/s, rmw enabled
[   10.717484] raid6: using avx2x2 recovery algorithm
[   10.718679] xor: automatically using best checksumming function   avx       
[   10.719941] async_tx: api initialized (async)
done.
Begin: Running /scripts/init-premount ... done.
Begin: Mounting root file system ... Begin: Running /scripts/local-top ... done.
Begin: Running /scripts/local-premount ... [   10.745864] Btrfs loaded, crc32c=crc32c-intel
Scanning for Btrfs filesystems
done.
Warning: fsck not present, so skipping root file system
[   10.765909] EXT4-fs (sda1): mounted filesystem with ordered data mode. Opts: (null)
done.
Begin: Running /scripts/local-bottom ... done.
Begin: Running /scripts/init-bottom ... done.
[   10.891389] ip_tables: (C) 2000-2006 Netfilter Core Team
[   10.896470] systemd[1]: systemd 237 running in system mode. (+PAM +AUDIT +SELINUX +IMA +APPARMOR +SMACK +SYSVINIT +UTMP +LIBCRYPTSETUP +GCRYPT +GNUTLS +ACL +XZ +LZ4 +SECCOMP +BLKID +ELFUTILS +KMOD -IDN2 +IDN -PCRE2 default-hierarchy=hybrid)
[   10.898998] systemd[1]: Detected virtualization oracle.
[   10.899572] systemd[1]: Detected architecture x86-64.

Welcome to [1mUbuntu 18.04.6 LTS[0m!

[   10.902660] systemd[1]: Set hostname to <ubuntu>.
[   10.904461] systemd[1]: Initializing machine ID from random generator.
[   10.905195] systemd[1]: Installed transient /etc/machine-id file.
[   11.094095] systemd[1]: Reached target Mounting snaps.
[[0;32m  OK  [0m] Reached target Mounting snaps.
[   11.095971] systemd[1]: Created slice System Slice.
[[0;32m  OK  [0m] Created slice System Slice.
[   11.096861] systemd[1]: Listening on LVM2 metadata daemon socket.
[[0;32m  OK  [0m] Listening on LVM2 metadata daemon socket.
[   11.097797] systemd[1]: Listening on fsck to fsckd communication Socket.
[[0;32m  OK  [0m] Listening on fsck to fsckd communication Socket.
[[0;32m  OK  [0m] Listening on Journal Audit Socket.
[[0;32m  OK  [0m] Listening on Journal Socket (/dev/log).
[[0;32m  OK  [0m] Listening on LVM2 poll daemon socket.
[[0;32m  OK  [0m] Listening on Syslog Socket.
[[0;32m  OK  [0m] Created slice User and Session Slice.
[[0;32m  OK  [0m] Set up automount Arbitrary Executab…rmats File System Automount Point.
[[0;32m  OK  [0m] Listening on Journal Socket.
         Starting File System Check on Root Device...
         Starting Create list of required st…ce nodes for the current kernel...
         Starting Uncomplicated firewall...
         Mounting POSIX Message Queue File System...
         Starting Load Kernel Modules...
[[0;32m  OK  [0m] Created slice system-serial\x2dgetty.slice.
         Starting Journal Service...
[[0;32m  OK  [0m] Reached target User and Group Name Lookups.
[[0;32m  OK  [0m] Listening on /dev/initctl Compatibility Named Pipe.
[[0;32m  OK  [0m] Reached target Slices.
[[0;32m  OK  [0m] Listening on Network Service Netlink Socket.
         Mounting Huge Pages File System...
[[0;32m  OK  [0m] Listening on udev Control Socket.
[[0;32m  OK  [0m] Reached target System Time Synchronized.
[[0;32m  OK  [0m] Started Forward Password Requests to Wall Directory Watch.
         Mounting Kernel Debug File System...
[[0;32m  OK  [0m] Reached target Swap.
[[0;32m  OK  [0m] Reached target Mounted snaps.
         Starting Set the console keyboard layout...
[[0;32m  OK  [0m] Listening on Device-mapper event daemon FIFOs.
         Starting Monitoring of LVM2 mirrors…ng dmeventd or progress polling...
[[0;32m  OK  [0m] Listening on udev Kernel Socket.
         Starting udev Coldplug all Devices...
[[0;32m  OK  [0m] Started Create list of required sta…vice nodes for the current kernel.
[[0;32m  OK  [0m] Started File System Check Daemon to report status.
         Starting Create Static Device Nodes in /dev...
[[0;32m  OK  [0m] Started Uncomplicated firewall.
[   11.130341] Loading iSCSI transport class v2.0-870.
[   11.133729] iscsi: registered transport (tcp)
[   11.141767] iscsi: registered transport (iser)
[[0;32m  OK  [0m] Started Load Kernel Modules.
         Mounting Kernel Configuration File System...
         Starting Apply Kernel Variables...
         Mounting FUSE Control File System...
[[0;32m  OK  [0m] Started Journal Service.
[[0;32m  OK  [0m] Mounted Kernel Debug File System.
[[0;32m  OK  [0m] Mounted Huge Pages File System.
[[0;32m  OK  [0m] Mounted FUSE Control File System.
[[0;32m  OK  [0m] Mounted POSIX Message Queue File System.
[[0;32m  OK  [0m] Mounted Kernel Configuration File System.
[[0;32m  OK  [0m] Started LVM2 metadata daemon.
[[0;32m  OK  [0m] Started udev Coldplug all Devices.
[[0;32m  OK  [0m] Started Create Static Device Nodes in /dev.
[[0;32m  OK  [0m] Started File System Check on Root Device.
         Starting Remount Root and Kernel File Systems...
[[0;32m  OK  [0m] Started Apply Kernel Variables.
[[0;32m  OK  [0m] Started Remount Root and Kernel File Systems.
         Starting Load/Save Random Seed...
         Starting udev Kernel Device Manager...
         Starting Flush Journal to Persistent Storage...
[[0;32m  OK  [0m] Started Monitoring of LVM2 mirrors,…sing dmeventd or progress polling.
[[0;32m  OK  [0m] Started Load/Save Random Seed.
[[0;32m  OK  [0m] Started udev Kernel Device Manager.
[[0;32m  OK  [0m] Started Flush Journal to Persistent Storage.
[[0;32m  OK  [0m] Found device /dev/ttyS0.
[[0;32m  OK  [0m] Listening on Load/Save RF Kill Switch Status /dev/rfkill Watch.
         Mounting Arbitrary Executable File Formats File System...
[[0;32m  OK  [0m] Mounted Arbitrary Executable File Formats File System.
[[0;32m  OK  [0m] Started Set the console keyboard layout.
[[0;32m  OK  [0m] Started Dispatch Password Requests to Console Directory Watch.
[[0;32m  OK  [0m] Reached target Local Encrypted Volumes.
[[0;32m  OK  [0m] Reached target Local File Systems (Pre).
[[0;32m  OK  [0m] Reached target Local File Systems.
         Starting ebtables ruleset management...
         Starting Set console font and keymap...
         Starting Commit a transient machine-id on disk...
         Starting AppArmor initialization...
         Starting Tell Plymouth To Write Out Runtime Data...
         Starting Create Volatile Files and Directories...
[[0;32m  OK  [0m] Started Tell Plymouth To Write Out Runtime Data.
[[0;32m  OK  [0m] Started Create Volatile Files and Directories.
         Starting Update UTMP about System Boot/Shutdown...
[[0;32m  OK  [0m] Started Update UTMP about System Boot/Shutdown.
[[0;32m  OK  [0m] Started Commit a transient machine-id on disk.
[[0;32m  OK  [0m] Started ebtables ruleset management.
[[0;32m  OK  [0m] Started AppArmor initialization.
         Starting Load AppArmor profiles managed internally by snapd...
         Starting Initial cloud-init job (pre-networking)...
[[0;32m  OK  [0m] Started Load AppArmor profiles managed internally by snapd.
[[0;32m  OK  [0m] Started Set console font and keymap.
[   12.949955] cloud-init[828]: Cloud-init v. 23.1.2-0ubuntu0~18.04.1 running 'init-local' at Tue, 05 Sep 2023 06:48:03 +0000. Up 12.77 seconds.
[[0;32m  OK  [0m] Started Initial cloud-init job (pre-networking).
[[0;32m  OK  [0m] Reached target Network (Pre).
         Starting Network Service...
[[0;32m  OK  [0m] Started Network Service.
         Starting Network Name Resolution...
         Starting Wait for Network to be Configured...
[[0;32m  OK  [0m] Started Network Name Resolution.
[[0;32m  OK  [0m] Reached target Host and Network Name Lookups.
[[0;32m  OK  [0m] Reached target Network.
[[0;32m  OK  [0m] Started Wait for Network to be Configured.
         Starting Initial cloud-init job (metadata service crawler)...
[   15.186357] cloud-init[1034]: Cloud-init v. 23.1.2-0ubuntu0~18.04.1 running 'init' at Tue, 05 Sep 2023 06:48:06 +0000. Up 15.10 seconds.
[   15.187183] cloud-init[1034]: ci-info: ++++++++++++++++++++++++++++++++++++++Net device info+++++++++++++++++++++++++++++++++++++++
[   15.188069] cloud-init[1034]: ci-info: +--------+-------+----------------------------+---------------+--------+-------------------+
[   15.188889] cloud-init[1034]: ci-info: | Device |   Up  |          Address           |      Mask     | Scope  |     Hw-Address    |
[   15.189660] cloud-init[1034]: ci-info: +--------+-------+----------------------------+---------------+--------+-------------------+
[   15.190394] cloud-init[1034]: ci-info: | enp0s3 |  True |         10.0.2.15          | 255.255.255.0 | global | 02:3b:7b:b7:3b:2d |
[   15.191130] cloud-init[1034]: ci-info: | enp0s3 |  True | fe80::3b:7bff:feb7:3b2d/64 |       .       |  link  | 02:3b:7b:b7:3b:2d |
[   15.191825] cloud-init[1034]: ci-info: | enp0s8 | False |             .              |       .       |   .    | 08:00:27:16:4d:9f |
[   15.192516] cloud-init[1034]: ci-info: |   lo   |  True |         127.0.0.1          |   255.0.0.0   |  host  |         .         |
[   15.194669] cloud-init[1034]: ci-info: |   lo   |  True |          ::1/128           |       .       |  host  |         .         |
[   15.195316] cloud-init[1034]: ci-info: +--------+-------+----------------------------+---------------+--------+-------------------+
[   15.196090] cloud-init[1034]: ci-info: ++++++++++++++++++++++++++++Route IPv4 info+++++++++++++++++++++++++++++
[   15.196766] cloud-init[1034]: ci-info: +-------+-------------+----------+-----------------+-----------+-------+
[   15.197399] cloud-init[1034]: ci-info: | Route | Destination | Gateway  |     Genmask     | Interface | Flags |
[   15.198053] cloud-init[1034]: ci-info: +-------+-------------+----------+-----------------+-----------+-------+
[   15.198680] cloud-init[1034]: ci-info: |   0   |   0.0.0.0   | 10.0.2.2 |     0.0.0.0     |   enp0s3  |   UG  |
[   15.199322] cloud-init[1034]: ci-info: |   1   |   10.0.2.0  | 0.0.0.0  |  255.255.255.0  |   enp0s3  |   U   |
[   15.199945] cloud-init[1034]: ci-info: |   2   |   10.0.2.2  | 0.0.0.0  | 255.255.255.255 |   enp0s3  |   UH  |
[   15.200835] cloud-init[1034]: ci-info: +-------+-------------+----------+-----------------+-----------+-------+
[   15.201855] cloud-init[1034]: ci-info: +++++++++++++++++++Route IPv6 info+++++++++++++++++++
[   15.202765] cloud-init[1034]: ci-info: +-------+-------------+---------+-----------+-------+
[   15.203694] cloud-init[1034]: ci-info: | Route | Destination | Gateway | Interface | Flags |
[   15.204476] cloud-init[1034]: ci-info: +-------+-------------+---------+-----------+-------+
[   15.205137] cloud-init[1034]: ci-info: |   1   |  fe80::/64  |    ::   |   enp0s3  |   U   |
[   15.205766] cloud-init[1034]: ci-info: |   3   |    local    |    ::   |   enp0s3  |   U   |
[   15.206340] cloud-init[1034]: ci-info: |   4   |   ff00::/8  |    ::   |   enp0s3  |   U   |
[   15.206905] cloud-init[1034]: ci-info: +-------+-------------+---------+-----------+-------+
[   15.647826] cloud-init[1034]: Generating public/private rsa key pair.
[   15.648506] cloud-init[1034]: Your identification has been saved in /etc/ssh/ssh_host_rsa_key.
[   15.649560] cloud-init[1034]: Your public key has been saved in /etc/ssh/ssh_host_rsa_key.pub.
[   15.650548] cloud-init[1034]: The key fingerprint is:
[   15.651260] cloud-init[1034]: SHA256:g4t3rQjVArB85wHxUw2hn+FB9Y/6Uob7ELFIZPVLFKk root@ubuntu-bionic
[   15.652146] cloud-init[1034]: The key's randomart image is:
[   15.652602] cloud-init[1034]: +---[RSA 2048]----+
[   15.653003] cloud-init[1034]: |  . o.  B*o oo   |
[   15.653407] cloud-init[1034]: | . o o *  .+.    |
[   15.653771] cloud-init[1034]: |  o o * + ..+    |
[   15.654159] cloud-init[1034]: |   . + O =E+ +   |
[   15.654538] cloud-init[1034]: |      = S o.o .  |
[   15.654883] cloud-init[1034]: |     o o o.oo    |
[   15.655238] cloud-init[1034]: |    o o . ++     |
[   15.655603] cloud-init[1034]: |     o o .oo     |
[   15.655962] cloud-init[1034]: |      . .  oo    |
[   15.656445] cloud-init[1034]: +----[SHA256]-----+
[   15.656786] cloud-init[1034]: Generating public/private dsa key pair.
[   15.668360] cloud-init[1034]: Your identification has been saved in /etc/ssh/ssh_host_dsa_key.
[   15.669232] cloud-init[1034]: Your public key has been saved in /etc/ssh/ssh_host_dsa_key.pub.
[   15.669914] cloud-init[1034]: The key fingerprint is:
[   15.670466] cloud-init[1034]: SHA256:MF0e9wO/ZRmTEj7/igM9W4UYCqqFfoeOnBQkFtTa1JI root@ubuntu-bionic
[   15.671100] cloud-init[1034]: The key's randomart image is:
[   15.671542] cloud-init[1034]: +---[DSA 1024]----+
[   15.671931] cloud-init[1034]: | .oo o    o o..o.|
[   15.672348] cloud-init[1034]: |  o E ...o oo= .+|
[   15.672737] cloud-init[1034]: | . * oo..... ==oo|
[   15.673134] cloud-init[1034]: |  . + oo  . . +=.|
[   15.673527] cloud-init[1034]: |   . + .S  .  .o |
[   15.673919] cloud-init[1034]: |    + o . . o . .|
[   15.674311] cloud-init[1034]: |   o = .   . +  .|
[   15.674698] cloud-init[1034]: |    + .     o. . |
[   15.675066] cloud-init[1034]: |            ...  |
[   15.675414] cloud-init[1034]: +----[SHA256]-----+
[   15.675772] cloud-init[1034]: Generating public/private ecdsa key pair.
[   15.676239] cloud-init[1034]: Your identification has been saved in /etc/ssh/ssh_host_ecdsa_key.
[   15.676808] cloud-init[1034]: Your public key has been saved in /etc/ssh/ssh_host_ecdsa_key.pub.
[   15.677356] cloud-init[1034]: The key fingerprint is:
[   15.677693] cloud-init[1034]: SHA256:pVK6YWHrD4+Geu1C13NfInTGB8wqe4QVa9XKF7s6kfw root@ubuntu-bionic
[   15.678243] cloud-init[1034]: The key's randomart image is:
[   15.678649] cloud-init[1034]: +---[ECDSA 256]---+
[   15.679009] cloud-init[1034]: |          .+..   |
[   15.679359] cloud-init[1034]: |          .o+ o  |
[   15.679728] cloud-init[1034]: |      o .o++ o o |
[   15.680122] cloud-init[1034]: |     . =o++ * +  |[[0;32m  OK  [0m] Started Initial cloud-init job (metadata service crawler).
[[0;32m  OK  [0m] Reached target Network is Online.

[[0;32m  OK  [0m] Reached target Remote File Systems (Pre).
[[0;32m  OK  [0m] Reached target Remote File Systems.[   15.682713] cloud-init[1034]: |      *.S= + + . |
[   15.684133] cloud-init[1034]: |    .o.++ + = o  |
[   15.684443] cloud-init[1034]: |   . ++  + o *   |
[   15.684677] cloud-init[1034]: |    + o=    + E  |
[   15.684825] cloud-init[1034]: |  .o +o o    .   |
[   15.685098] cloud-init[1034]: +----[SHA256]-----+
[   15.685247] cloud-init[1034]: Generating public/private ed25519 key pair.
[   15.685489] cloud-init[1034]: Your identification has been saved in /etc/ssh/ssh_host_ed25519_key.
[   15.685772] cloud-init[1034]: Your public key has been saved in /etc/ssh/ssh_host_ed25519_key.pub.
[   15.686057] cloud-init[1034]: The key fingerprint is:
[   15.686295] cloud-init[1034]: SHA256:Pq998NgXQVJPmIu2fassuzD9YWKGhZKurazejkR08Qw root@ubuntu-bionic
[   15.686597] cloud-init[1034]: The key's randomart image is:
[   15.686820] cloud-init[1034]: +--[ED25519 256]--+
[   15.687125] cloud-init[1034]: |     E       ..o.|
[   15.687422] cloud-init[1034]: |      =     . +o |
[   15.687789] cloud-init[1034]: |   . . o     + ..|
[   15.688251] cloud-init[1034]: |  . .   . . o o  |
[   15.688669] cloud-init[1034]: |   .   oS. o o . |
[   15.688988] cloud-init[1034]: |  .   ... = . o .|
[   15.689343] cloud-init[1034]: |   .   .o+ X o o.|
[   15.689617] cloud-init[1034]: |  . + o  +*.O o. |
[   15.690060] cloud-init[1034]: |  .+o*....o++=.  |
[   15.690397] cloud-init[1034]: +----[SHA256]-----+

         Starting Availability of block devices...
[[0;32m  OK  [0m] Reached target System Initialization.
         Starting LXD - unix socket.
[[0;32m  OK  [0m] Started ACPI Events Check.
         Starting Socket activation for snappy daemon.
[[0;32m  OK  [0m] Started Discard unused blocks once a week.
[[0;32m  OK  [0m] Listening on Open-iSCSI iscsid Socket.
[[0;32m  OK  [0m] Listening on UUID daemon activation socket.
[[0;32m  OK  [0m] Started Message of the Day.
[[0;32m  OK  [0m] Reached target Paths.
[[0;32m  OK  [0m] Listening on D-Bus System Message Bus Socket.
[[0;32m  OK  [0m] Listening on cloud-init hotplug hook socket.
[[0;32m  OK  [0m] Started Daily Cleanup of Temporary Directories.
[[0;32m  OK  [0m] Listening on ACPID Listen Socket.
[[0;32m  OK  [0m] Started Daily apt download activities.
[[0;32m  OK  [0m] Started Daily apt upgrade and clean activities.
[[0;32m  OK  [0m] Started Ubuntu Advantage Timer for running repeated jobs.
[[0;32m  OK  [0m] Reached target Timers.
[[0;32m  OK  [0m] Reached target Cloud-config availability.
[[0;32m  OK  [0m] Started Availability of block devices.
[[0;32m  OK  [0m] Listening on LXD - unix socket.
[[0;32m  OK  [0m] Listening on Socket activation for snappy daemon.
[[0;32m  OK  [0m] Reached target Sockets.
[[0;32m  OK  [0m] Reached target Basic System.
         Starting Login Service...
[[0;32m  OK  [0m] Reached target Login Prompts (Pre).
[[0;32m  OK  [0m] Started Regular background program processing daemon.
         Starting LSB: automatic crash report generation...
         Starting Pollinate to seed the pseudo random number generator...
         Starting System Logging Service...
         Starting Dispatcher daemon for systemd-networkd...
         Starting Virtualbox guest utils...
         Starting LSB: Record successful boot for GRUB...
[[0;32m  OK  [0m] Started FUSE filesystem for LXC.
[[0;32m  OK  [0m] Started irqbalance daemon.
         Starting Permit User Sessions...
         Starting Snap Daemon...
[[0;32m  OK  [0m] Started Deferred execution scheduler.
[[0;32m  OK  [0m] Started D-Bus System Message Bus.
         Starting Accounts Service...
         Starting LXD - container startup/shutdown...
[[0;32m  OK  [0m] Started System Logging Service.
[[0;32m  OK  [0m] Started Permit User Sessions.
[[0;32m  OK  [0m] Started Login Service.
[[0;32m  OK  [0m] Started Unattended Upgrades Shutdown.
         Starting Hold until boot process finishes up...
         Starting Terminate Plymouth Boot Screen...
[[0;32m  OK  [0m] Started Hold until boot process finishes up.
[[0;32m  OK  [0m] Started Serial Getty on ttyS0.
         Starting Set console scheme...
[[0;32m  OK  [0m] Started Terminate Plymouth Boot Screen.
[[0;32m  OK  [0m] Started LSB: automatic crash report generation.
[[0;32m  OK  [0m] Started Set console scheme.
[[0;32m  OK  [0m] Created slice system-getty.slice.
[[0;32m  OK  [0m] Started Getty on tty1.
[[0;32m  OK  [0m] Reached target Login Prompts.
[[0;32m  OK  [0m] Started LXD - container startup/shutdown.
[[0;32m  OK  [0m] Started LSB: Record successful boot for GRUB.
         Starting Authorization Manager...
[[0;32m  OK  [0m] Started Virtualbox guest utils.
[[0;32m  OK  [0m] Started Authorization Manager.
[[0;32m  OK  [0m] Started Accounts Service.
[[0;32m  OK  [0m] Started Dispatcher daemon for systemd-networkd.
[[0;32m  OK  [0m] Started Snap Daemon.
         Starting Wait until snapd is fully seeded...
         Starting Time & Date Service...
[[0;32m  OK  [0m] Started Time & Date Service.
[[0;32m  OK  [0m] Started Wait until snapd is fully seeded.
         Starting Apply the settings specified in cloud-config...
[[0;32m  OK  [0m] Started Pollinate to seed the pseudo random number generator.
         Starting OpenBSD Secure Shell server...
[[0;32m  OK  [0m] Started OpenBSD Secure Shell server.
[   17.436886] cloud-init[1579]: Cloud-init v. 23.1.2-0ubuntu0~18.04.1 running 'modules:config' at Tue, 05 Sep 2023 06:48:08 +0000. Up 17.22 seconds.
[[0;32m  OK  [0m] Started Apply the settings specified in cloud-config.
[[0;32m  OK  [0m] Reached target Multi-User System.
         Starting Execute cloud user/final scripts...
[[0;32m  OK  [0m] Reached target Graphical Interface.
         Starting Update UTMP about System Runlevel Changes...
[[0;32m  OK  [0m] Started Update UTMP about System Runlevel Changes.
ci-info: no authorized SSH keys fingerprints found for user ubuntu.
<14>Sep  5 06:48:08 cloud-init: #############################################################
<14>Sep  5 06:48:08 cloud-init: -----BEGIN SSH HOST KEY FINGERPRINTS-----
<14>Sep  5 06:48:08 cloud-init: 1024 SHA256:MF0e9wO/ZRmTEj7/igM9W4UYCqqFfoeOnBQkFtTa1JI root@ubuntu-bionic (DSA)
<14>Sep  5 06:48:08 cloud-init: 256 SHA256:pVK6YWHrD4+Geu1C13NfInTGB8wqe4QVa9XKF7s6kfw root@ubuntu-bionic (ECDSA)
<14>Sep  5 06:48:08 cloud-init: 256 SHA256:Pq998NgXQVJPmIu2fassuzD9YWKGhZKurazejkR08Qw root@ubuntu-bionic (ED25519)
<14>Sep  5 06:48:08 cloud-init: 2048 SHA256:g4t3rQjVArB85wHxUw2hn+FB9Y/6Uob7ELFIZPVLFKk root@ubuntu-bionic (RSA)
<14>Sep  5 06:48:08 cloud-init: -----END SSH HOST KEY FINGERPRINTS-----
<14>Sep  5 06:48:08 cloud-init: #############################################################
-----BEGIN SSH HOST KEY KEYS-----
ecdsa-sha2-nistp256 AAAAE2VjZHNhLXNoYTItbmlzdHAyNTYAAAAIbmlzdHAyNTYAAABBBB75bI3xDjAAnfJt2T3U3jPnyWQl4yo4cKFIdtBRlnMQFzV3kNsumLP98QgrDaqM7/vwIt2COeAzbZFmYZEvKkw= root@ubuntu-bionic
ssh-ed25519 AAAAC3NzaC1lZDI1NTE5AAAAIIV/m+Hj2qGDNZIC27J5f2vAR+xbn1gzSif/icZA50Ab root@ubuntu-bionic
ssh-rsa AAAAB3NzaC1yc2EAAAADAQABAAABAQCgMkp3HxGjGsvsCVjPKkfCpVafAaa/YEJOQFdQBtvAu0Nieg3HfY15o02WDSSbEMIx+2wl4j8U63U9FZ4uTBf2l03RMGTxPYT1j2mOj0SAjVtUnzM6phQes7ZbzKgsDER4nHMk387ND+SfSQTWcOpYsT24ExDzhhIBusiC3RNrKjLTdnzZ1niCxrTZ6bL3/eoUhLNWVc/2iX/dB8JfxXvKS6X7VpMAb76+yOl7DLV5AS4yS1SeCFbGxry6slqUbaDG/X4St82qiI1ZzrQ60/GM9hauutfE60f5WYuVS1q7STLEMxFDAIWVv4YK/ExqeOtqVbqGexOM7PhE/zENDAp1 root@ubuntu-bionic
-----END SSH HOST KEY KEYS-----
[   17.796220] cloud-init[1635]: Cloud-init v. 23.1.2-0ubuntu0~18.04.1 running 'modules:final' at Tue, 05 Sep 2023 06:48:08 +0000. Up 17.68 seconds.
[   17.797140] cloud-init[1635]: Cloud-init v. 23.1.2-0ubuntu0~18.04.1 finished at Tue, 05 Sep 2023 06:48:08 +0000. Datasource DataSourceNoCloud [seed=/dev/sdb][dsmode=net].  Up 17.79 seconds
[[0;32m  OK  [0m] Started Execute cloud user/final scripts.
[[0;32m  OK  [0m] Reached target Cloud-init target.

Ubuntu 18.04.6 LTS ubuntu-bionic ttyS0

ubuntu-bionic login:          Stopping Availability of block devices...
         Stopping Authorization Manager...
         Stopping Session 3 of user vagrant.
         Stopping User Manager for UID 1000...
[[0;32m  OK  [0m] Stopped target Cloud-init target.
[[0;32m  OK  [0m] Stopped Execute cloud user/final scripts.
[[0;32m  OK  [0m] Stopped Apply the settings specified in cloud-config.
[[0;32m  OK  [0m] Stopped target Network is Online.
[[0;32m  OK  [0m] Stopped target Timers.
[[0;32m  OK  [0m] Stopped Discard unused blocks once a week.
[[0;32m  OK  [0m] Stopped Ubuntu Advantage Timer for running repeated jobs.
[[0;32m  OK  [0m] Stopped Message of the Day.
[[0;32m  OK  [0m] Stopped Daily apt upgrade and clean activities.
[[0;32m  OK  [0m] Stopped Daily apt download activities.
[[0;32m  OK  [0m] Stopped target System Time Synchronized.
[[0;32m  OK  [0m] Stopped target Cloud-config availability.
[[0;32m  OK  [0m] Closed Load/Save RF Kill Switch Status /dev/rfkill Watch.
[[0;32m  OK  [0m] Stopped target Host and Network Name Lookups.
[[0;32m  OK  [0m] Stopped target Graphical Interface.
         Stopping Accounts Service...
[[0;32m  OK  [0m] Stopped target Multi-User System.
         Stopping A high performance web server and a reverse proxy server...
         Stopping irqbalance daemon...
         Stopping Dispatcher daemon for systemd-networkd...
         Stopping vboxadd-service.service...
         Stopping LXD - container startup/shutdown...
[[0;32m  OK  [0m] Stopped PostgreSQL RDBMS.
         Stopping PostgreSQL Cluster 10-main...
         Stopping LSB: Record successful boot for GRUB...
         Stopping Deferred execution scheduler...
         Stopping Unattended Upgrades Shutdown...
         Stopping System Logging Service...
         Stopping Regular background program processing daemon...
[[0;32m  OK  [0m] Stopped Wait until snapd is fully seeded.
         Stopping OpenBSD Secure Shell server...
         Stopping D-Bus System Message Bus...
         Stopping FUSE filesystem for LXC...
         Stopping LSB: automatic crash report generation...
[[0;32m  OK  [0m] Stopped Daily Cleanup of Temporary Directories.
[[0;32m  OK  [0m] Stopped target Login Prompts.
         Stopping Serial Getty on ttyS0...
         Stopping Getty on tty1...
[[0;32m  OK  [0m] Unmounted /var/lib/lxcfs.
[[0;32m  OK  [0m] Stopped Regular background program processing daemon.
[[0;32m  OK  [0m] Stopped Dispatcher daemon for systemd-networkd.
[[0;32m  OK  [0m] Stopped irqbalance daemon.
[[0;32m  OK  [0m] Stopped Deferred execution scheduler.
[[0;32m  OK  [0m] Stopped Accounts Service.
[[0;32m  OK  [0m] Stopped Serial Getty on ttyS0.
[[0;32m  OK  [0m] Stopped System Logging Service.
[[0;32m  OK  [0m] Stopped Unattended Upgrades Shutdown.
[[0;32m  OK  [0m] Stopped Getty on tty1.
[[0;32m  OK  [0m] Stopped Authorization Manager.
[[0;32m  OK  [0m] Stopped OpenBSD Secure Shell server.
[[0;32m  OK  [0m] Stopped User Manager for UID 1000.
[[0;32m  OK  [0m] Stopped D-Bus System Message Bus.
[[0;32m  OK  [0m] Stopped Session 3 of user vagrant.
[[0;32m  OK  [0m] Removed slice User Slice of vagrant.
[[0;32m  OK  [0m] Removed slice system-getty.slice.
         Stopping Login Service...
[[0;32m  OK  [0m] Removed slice system-serial\x2dgetty.slice.
         Stopping Permit User Sessions...
[[0;32m  OK  [0m] Stopped target Login Prompts (Pre).
[[0;32m  OK  [0m] Stopped Availability of block devices.
[[0;32m  OK  [0m] Stopped A high performance web server and a reverse proxy server.
[[0;32m  OK  [0m] Stopped vboxadd-service.service.
[[0;32m  OK  [0m] Stopped FUSE filesystem for LXC.
         Stopping vboxadd.service...
[[0;32m  OK  [0m] Stopped LXD - container startup/shutdown.
[[0;32m  OK  [0m] Stopped Permit User Sessions.
[[0;32m  OK  [0m] Stopped target Network.
         Stopping Network Name Resolution...
[[0;32m  OK  [0m] Stopped Network Name Resolution.
         Stopping Network Service...
[[0;32m  OK  [0m] Stopped Login Service.
[[0;32m  OK  [0m] Stopped target User and Group Name Lookups.
[[0;32m  OK  [0m] Stopped LSB: Record successful boot for GRUB.
[[0;32m  OK  [0m] Stopped LSB: automatic crash report generation.
[[0;32m  OK  [0m] Stopped target Remote File Systems.
[[0;32m  OK  [0m] Stopped target Remote File Systems (Pre).
[[0;32m  OK  [0m] Stopped Network Service.
[[0;32m  OK  [0m] Stopped target Network (Pre).
[[0;32m  OK  [0m] Unmounted /vagrant.
[[0;32m  OK  [0m] Stopped PostgreSQL Cluster 10-main.
[[0;32m  OK  [0m] Removed slice system-postgresql.slice.
[[0;32m  OK  [0m] Stopped vboxadd.service.
[[0;32m  OK  [0m] Stopped target Basic System.
[[0;32m  OK  [0m] Stopped target Slices.
[[0;32m  OK  [0m] Removed slice User and Session Slice.
[[0;32m  OK  [0m] Stopped target Paths.
[[0;32m  OK  [0m] Stopped ACPI Events Check.
[[0;32m  OK  [0m] Stopped target Sockets.
[[0;32m  OK  [0m] Closed UUID daemon activation socket.
[[0;32m  OK  [0m] Closed Socket activation for snappy daemon.
[[0;32m  OK  [0m] Closed Open-iSCSI iscsid Socket.
[[0;32m  OK  [0m] Closed LXD - unix socket.
[[0;32m  OK  [0m] Closed cloud-init hotplug hook socket.
[[0;32m  OK  [0m] Closed D-Bus System Message Bus Socket.
[[0;32m  OK  [0m] Closed Syslog Socket.
[[0;32m  OK  [0m] Closed ACPID Listen Socket.
[[0;32m  OK  [0m] Stopped target System Initialization.
[[0;32m  OK  [0m] Stopped Apply Kernel Variables.
[[0;32m  OK  [0m] Stopped target Local Encrypted Volumes.
[[0;32m  OK  [0m] Stopped Dispatch Password Requests to Console Directory Watch.
[[0;32m  OK  [0m] Stopped Forward Password Requests to Wall Directory Watch.
         Stopping Update UTMP about System Boot/Shutdown...
[[0;32m  OK  [0m] Stopped Load Kernel Modules.
[[0;32m  OK  [0m] Stopped Commit a transient machine-id on disk.
[[0;32m  OK  [0m] Stopped Initial cloud-init job (metadata service crawler).
[[0;32m  OK  [0m] Stopped Initial cloud-init job (pre-networking).
         Stopping Load/Save Random Seed...
[[0;32m  OK  [0m] Stopped Update UTMP about System Boot/Shutdown.
[[0;32m  OK  [0m] Stopped Create Volatile Files and Directories.
[[0;32m  OK  [0m] Stopped target Local File Systems.
         Unmounting /run/user/1000...
[[0;32m  OK  [0m] Stopped target Mounted snaps.
[[0;32m  OK  [0m] Stopped target Mounting snaps.
[[0;32m  OK  [0m] Stopped Load/Save Random Seed.
[[0;32m  OK  [0m] Unmounted /run/user/1000.
[[0;32m  OK  [0m] Reached target Unmount All Filesystems.
[[0;32m  OK  [0m] Stopped target Swap.
[[0;32m  OK  [0m] Stopped target Local File Systems (Pre).
         Stopping Monitoring of LVM2 mirrors…ng dmeventd or progress polling...
[[0;32m  OK  [0m] Stopped Create Static Device Nodes in /dev.
[[0;32m  OK  [0m] Stopped Remount Root and Kernel File Systems.
[[0;32m  OK  [0m] Reached target Shutdown.
[[0;32m  OK  [0m] Reached target Final Step.
         Starting Reboot...
[  714.246823] reboot: Restarting system
[    0.000000] Linux version 4.15.0-212-generic (buildd@lcy02-amd64-083) (gcc version 7.5.0 (Ubuntu 7.5.0-3ubuntu1~18.04)) #223-Ubuntu SMP Tue May 23 13:09:22 UTC 2023 (Ubuntu 4.15.0-212.223-generic 4.15.18)
[    0.000000] Command line: BOOT_IMAGE=/boot/vmlinuz-4.15.0-212-generic root=LABEL=cloudimg-rootfs ro console=tty1 console=ttyS0
[    0.000000] KERNEL supported cpus:
[    0.000000]   Intel GenuineIntel
[    0.000000]   AMD AuthenticAMD
[    0.000000]   Centaur CentaurHauls
[    0.000000] x86/fpu: Supporting XSAVE feature 0x001: 'x87 floating point registers'
[    0.000000] x86/fpu: Supporting XSAVE feature 0x002: 'SSE registers'
[    0.000000] x86/fpu: Supporting XSAVE feature 0x004: 'AVX registers'
[    0.000000] x86/fpu: xstate_offset[2]:  576, xstate_sizes[2]:  256
[    0.000000] x86/fpu: Enabled xstate features 0x7, context size is 832 bytes, using 'standard' format.
[    0.000000] e820: BIOS-provided physical RAM map:
[    0.000000] BIOS-e820: [mem 0x0000000000000000-0x000000000009fbff] usable
[    0.000000] BIOS-e820: [mem 0x000000000009fc00-0x000000000009ffff] reserved
[    0.000000] BIOS-e820: [mem 0x00000000000f0000-0x00000000000fffff] reserved
[    0.000000] BIOS-e820: [mem 0x0000000000100000-0x000000007ffeffff] usable
[    0.000000] BIOS-e820: [mem 0x000000007fff0000-0x000000007fffffff] ACPI data
[    0.000000] BIOS-e820: [mem 0x00000000fec00000-0x00000000fec00fff] reserved
[    0.000000] BIOS-e820: [mem 0x00000000fee00000-0x00000000fee00fff] reserved
[    0.000000] BIOS-e820: [mem 0x00000000fffc0000-0x00000000ffffffff] reserved
[    0.000000] NX (Execute Disable) protection: active
[    0.000000] SMBIOS 2.5 present.
[    0.000000] DMI: innotek GmbH VirtualBox/VirtualBox, BIOS VirtualBox 12/01/2006
[    0.000000] Hypervisor detected: KVM
[    0.000000] e820: last_pfn = 0x7fff0 max_arch_pfn = 0x400000000
[    0.000000] MTRR: Disabled
[    0.000000] x86/PAT: MTRRs disabled, skipping PAT initialization too.
[    0.000000] CPU MTRRs all blank - virtualized system.
[    0.000000] x86/PAT: Configuration [0-7]: WB  WT  UC- UC  WB  WT  UC- UC  
[    0.000000] found SMP MP-table at [mem 0x0009fff0-0x0009ffff]
[    0.000000] Scanning 1 areas for low memory corruption
[    0.000000] RAMDISK: [mem 0x3580f000-0x36bfefff]
[    0.000000] ACPI: Early table checksum verification disabled
[    0.000000] ACPI: RSDP 0x00000000000E0000 000024 (v02 VBOX  )
[    0.000000] ACPI: XSDT 0x000000007FFF0030 00003C (v01 VBOX   VBOXXSDT 00000001 ASL  00000061)
[    0.000000] ACPI: FACP 0x000000007FFF00F0 0000F4 (v04 VBOX   VBOXFACP 00000001 ASL  00000061)
[    0.000000] ACPI: DSDT 0x000000007FFF0470 002325 (v02 VBOX   VBOXBIOS 00000002 INTL 20200925)
[    0.000000] ACPI: FACS 0x000000007FFF0200 000040
[    0.000000] ACPI: FACS 0x000000007FFF0200 000040
[    0.000000] ACPI: APIC 0x000000007FFF0240 00005C (v02 VBOX   VBOXAPIC 00000001 ASL  00000061)
[    0.000000] ACPI: SSDT 0x000000007FFF02A0 0001CC (v01 VBOX   VBOXCPUT 00000002 INTL 20200925)
[    0.000000] ACPI: Reserving FACP table memory at [mem 0x7fff00f0-0x7fff01e3]
[    0.000000] ACPI: Reserving DSDT table memory at [mem 0x7fff0470-0x7fff2794]
[    0.000000] ACPI: Reserving FACS table memory at [mem 0x7fff0200-0x7fff023f]
[    0.000000] ACPI: Reserving FACS table memory at [mem 0x7fff0200-0x7fff023f]
[    0.000000] ACPI: Reserving APIC table memory at [mem 0x7fff0240-0x7fff029b]
[    0.000000] ACPI: Reserving SSDT table memory at [mem 0x7fff02a0-0x7fff046b]
[    0.000000] No NUMA configuration found
[    0.000000] Faking a node at [mem 0x0000000000000000-0x000000007ffeffff]
[    0.000000] NODE_DATA(0) allocated [mem 0x7ffc5000-0x7ffeffff]
[    0.000000] kvm-clock: cpu 0, msr 0:7ff44001, primary cpu clock
[    0.000000] kvm-clock: Using msrs 4b564d01 and 4b564d00
[    0.000000] kvm-clock: using sched offset of 3362961552 cycles
[    0.000000] clocksource: kvm-clock: mask: 0xffffffffffffffff max_cycles: 0x1cd42e4dffb, max_idle_ns: 881590591483 ns
[    0.000000] Zone ranges:
[    0.000000]   DMA      [mem 0x0000000000001000-0x0000000000ffffff]
[    0.000000]   DMA32    [mem 0x0000000001000000-0x000000007ffeffff]
[    0.000000]   Normal   empty
[    0.000000]   Device   empty
[    0.000000] Movable zone start for each node
[    0.000000] Early memory node ranges
[    0.000000]   node   0: [mem 0x0000000000001000-0x000000000009efff]
[    0.000000]   node   0: [mem 0x0000000000100000-0x000000007ffeffff]
[    0.000000] Reserved but unavailable: 104 pages
[    0.000000] Initmem setup node 0 [mem 0x0000000000001000-0x000000007ffeffff]
[    0.000000] ACPI: PM-Timer IO Port: 0x4008
[    0.000000] IOAPIC[0]: apic_id 2, version 32, address 0xfec00000, GSI 0-23
[    0.000000] ACPI: INT_SRC_OVR (bus 0 bus_irq 0 global_irq 2 dfl dfl)
[    0.000000] ACPI: INT_SRC_OVR (bus 0 bus_irq 9 global_irq 9 low level)
[    0.000000] Using ACPI (MADT) for SMP configuration information
[    0.000000] smpboot: Allowing 2 CPUs, 0 hotplug CPUs
[    0.000000] PM: Registered nosave memory: [mem 0x00000000-0x00000fff]
[    0.000000] PM: Registered nosave memory: [mem 0x0009f000-0x0009ffff]
[    0.000000] PM: Registered nosave memory: [mem 0x000a0000-0x000effff]
[    0.000000] PM: Registered nosave memory: [mem 0x000f0000-0x000fffff]
[    0.000000] e820: [mem 0x80000000-0xfebfffff] available for PCI devices
[    0.000000] Booting paravirtualized kernel on KVM
[    0.000000] clocksource: refined-jiffies: mask: 0xffffffff max_cycles: 0xffffffff, max_idle_ns: 7645519600211568 ns
[    0.000000] setup_percpu: NR_CPUS:8192 nr_cpumask_bits:2 nr_cpu_ids:2 nr_node_ids:1
[    0.000000] percpu: Embedded 50 pages/cpu s167936 r8192 d28672 u1048576
[    0.000000] PV qspinlock hash table entries: 256 (order: 0, 4096 bytes)
[    0.000000] Built 1 zonelists, mobility grouping on.  Total pages: 515961
[    0.000000] Policy zone: DMA32
[    0.000000] Kernel command line: BOOT_IMAGE=/boot/vmlinuz-4.15.0-212-generic root=LABEL=cloudimg-rootfs ro console=tty1 console=ttyS0
[    0.000000] Memory: 2013948K/2096696K available (12300K kernel code, 2477K rwdata, 4324K rodata, 2480K init, 2720K bss, 82748K reserved, 0K cma-reserved)
[    0.000000] SLUB: HWalign=64, Order=0-3, MinObjects=0, CPUs=2, Nodes=1
[    0.000000] Kernel/User page tables isolation: enabled
[    0.000000] ftrace: allocating 39508 entries in 155 pages
[    0.004000] Hierarchical RCU implementation.
[    0.004000] 	RCU restricting CPUs from NR_CPUS=8192 to nr_cpu_ids=2.
[    0.004000] 	Tasks RCU enabled.
[    0.004000] RCU: Adjusting geometry for rcu_fanout_leaf=16, nr_cpu_ids=2
[    0.004000] NR_IRQS: 524544, nr_irqs: 440, preallocated irqs: 16
[    0.004000] random: crng init done
[    0.004000] Console: colour VGA+ 80x25
[    0.004000] console [tty1] enabled
[    0.004000] console [ttyS0] enabled
[    0.004000] ACPI: Core revision 20170831
[    0.004000] ACPI: 2 ACPI AML tables successfully acquired and loaded
[    0.004000] APIC: Switch to symmetric I/O mode setup
[    0.004000] x2apic enabled
[    0.004000] Switched APIC routing to physical x2apic.
[    0.004000] ..TIMER: vector=0x30 apic1=0 pin1=2 apic2=-1 pin2=-1
[    0.004000] tsc: Detected 3417.598 MHz processor
[    0.004000] Calibrating delay loop (skipped) preset value.. 6835.19 BogoMIPS (lpj=13670392)
[    0.004000] pid_max: default: 32768 minimum: 301
[    0.004021] Security Framework initialized
[    0.004389] Yama: becoming mindful.
[    0.004750] AppArmor: AppArmor initialized
[    0.005500] Dentry cache hash table entries: 262144 (order: 9, 2097152 bytes)
[    0.006323] Inode-cache hash table entries: 131072 (order: 8, 1048576 bytes)
[    0.006957] Mount-cache hash table entries: 4096 (order: 3, 32768 bytes)
[    0.007520] Mountpoint-cache hash table entries: 4096 (order: 3, 32768 bytes)
[    0.008179] Last level iTLB entries: 4KB 0, 2MB 0, 4MB 0
[    0.008630] Last level dTLB entries: 4KB 0, 2MB 0, 4MB 0, 1GB 0
[    0.009125] Spectre V1 : Mitigation: usercopy/swapgs barriers and __user pointer sanitization
[    0.009835] Spectre V2 : Mitigation: Retpolines
[    0.010227] Spectre V2 : Spectre v2 / SpectreRSB mitigation: Filling RSB on context switch
[    0.010947] Spectre V2 : Spectre v2 / SpectreRSB : Filling RSB on VMEXIT
[    0.012005] Speculative Store Bypass: Vulnerable
[    0.012822] MDS: Mitigation: Clear CPU buffers
[    0.013791] Freeing SMP alternatives memory: 36K
[    0.121078] smpboot: CPU0: 11th Gen Intel(R) Core(TM) i7-11390H @ 3.40GHz (family: 0x6, model: 0x8c, stepping: 0x2)
[    0.123198] Performance Events: unsupported p6 CPU model 140 no PMU driver, software events only.
[    0.124000] Hierarchical SRCU implementation.
[    0.124476] NMI watchdog: Perf event create on CPU 0 failed with -2
[    0.125185] NMI watchdog: Perf NMI watchdog permanently disabled
[    0.125889] smp: Bringing up secondary CPUs ...
[    0.126453] x86: Booting SMP configuration:
[    0.126832] .... node  #0, CPUs:      #1
[    0.004000] kvm-clock: cpu 1, msr 0:7ff44041, secondary cpu clock
[    0.130088] smp: Brought up 1 node, 2 CPUs
[    0.130088] smpboot: Max logical packages: 1
[    0.130088] smpboot: Total of 2 processors activated (13670.39 BogoMIPS)
[    0.132062] devtmpfs: initialized
[    0.132374] x86/mm: Memory block size: 128MB
[    0.132943] evm: security.selinux
[    0.133292] evm: security.SMACK64
[    0.133620] evm: security.SMACK64EXEC
[    0.133961] evm: security.SMACK64TRANSMUTE
[    0.134434] evm: security.SMACK64MMAP
[    0.134830] evm: security.apparmor
[    0.135180] evm: security.ima
[    0.135521] evm: security.capability
[    0.136041] clocksource: jiffies: mask: 0xffffffff max_cycles: 0xffffffff, max_idle_ns: 7645041785100000 ns
[    0.136929] futex hash table entries: 512 (order: 3, 32768 bytes)
[    0.137468] pinctrl core: initialized pinctrl subsystem
[    0.137990] RTC time:  6:59:49, date: 09/05/23
[    0.138807] NET: Registered protocol family 16
[    0.139282] audit: initializing netlink subsys (disabled)
[    0.139806] audit: type=2000 audit(1693897193.892:1): state=initialized audit_enabled=0 res=1
[    0.140007] cpuidle: using governor ladder
[    0.140547] cpuidle: using governor menu
[    0.141061] ACPI: bus type PCI registered
[    0.141660] acpiphp: ACPI Hot Plug PCI Controller Driver version: 0.5
[    0.142454] PCI: Using configuration type 1 for base access
[    0.144635] HugeTLB registered 2.00 MiB page size, pre-allocated 0 pages
[    0.144648] ACPI: Added _OSI(Module Device)
[    0.144648] ACPI: Added _OSI(Processor Device)
[    0.144921] ACPI: Added _OSI(3.0 _SCP Extensions)
[    0.145373] ACPI: Added _OSI(Processor Aggregator Device)
[    0.145883] ACPI: Added _OSI(Linux-Dell-Video)
[    0.148004] ACPI: Added _OSI(Linux-Lenovo-NV-HDMI-Audio)
[    0.148509] ACPI: Added _OSI(Linux-HPI-Hybrid-Graphics)
[    0.149180] ACPI: Executed 1 blocks of module-level executable AML code
[    0.151716] ACPI: Interpreter enabled
[    0.152007] ACPI: (supports S0 S5)
[    0.152317] ACPI: Using IOAPIC for interrupt routing
[    0.152863] PCI: Using host bridge windows from ACPI; if necessary, use "pci=nocrs" and report a bug
[    0.153722] ACPI: Enabled 2 GPEs in block 00 to 07
[    0.157299] ACPI: PCI Root Bridge [PCI0] (domain 0000 [bus 00-ff])
[    0.157986] acpi PNP0A03:00: _OSC: OS supports [ASPM ClockPM Segments MSI]
[    0.159005] acpi PNP0A03:00: _OSC: not requesting OS control; OS requires [ExtendedConfig ASPM ClockPM MSI]
[    0.160022] acpi PNP0A03:00: fail to add MMCONFIG information, can't access extended PCI configuration space under this bridge.
[    0.162588] PCI host bridge to bus 0000:00
[    0.163208] pci_bus 0000:00: root bus resource [io  0x0000-0x0cf7 window]
[    0.164006] pci_bus 0000:00: root bus resource [io  0x0d00-0xffff window]
[    0.164636] pci_bus 0000:00: root bus resource [mem 0x000a0000-0x000bffff window]
[    0.165356] pci_bus 0000:00: root bus resource [mem 0x80000000-0xfdffffff window]
[    0.166738] pci_bus 0000:00: root bus resource [bus 00-ff]
[    0.168543] pci 0000:00:01.1: legacy IDE quirk: reg 0x10: [io  0x01f0-0x01f7]
[    0.169176] pci 0000:00:01.1: legacy IDE quirk: reg 0x14: [io  0x03f6]
[    0.169762] pci 0000:00:01.1: legacy IDE quirk: reg 0x18: [io  0x0170-0x0177]
[    0.170447] pci 0000:00:01.1: legacy IDE quirk: reg 0x1c: [io  0x0376]
[    0.185522] pci 0000:00:07.0: quirk: [io  0x4000-0x403f] claimed by PIIX4 ACPI
[    0.186389] pci 0000:00:07.0: quirk: [io  0x4100-0x410f] claimed by PIIX4 SMB
[    0.193423] ACPI: PCI Interrupt Link [LNKA] (IRQs 5 9 10 *11)
[    0.194209] ACPI: PCI Interrupt Link [LNKB] (IRQs 5 9 *10 11)
[    0.194909] ACPI: PCI Interrupt Link [LNKC] (IRQs 5 *9 10 11)
[    0.196061] ACPI: PCI Interrupt Link [LNKD] (IRQs 5 9 10 *11)
[    0.196961] SCSI subsystem initialized
[    0.197454] pci 0000:00:02.0: vgaarb: setting as boot VGA device
[    0.197454] pci 0000:00:02.0: vgaarb: VGA device added: decodes=io+mem,owns=io+mem,locks=none
[    0.197993] pci 0000:00:02.0: vgaarb: bridge control possible
[    0.200010] vgaarb: loaded
[    0.200384] ACPI: bus type USB registered
[    0.200849] usbcore: registered new interface driver usbfs
[    0.201472] usbcore: registered new interface driver hub
[    0.202040] usbcore: registered new device driver usb
[    0.202615] EDAC MC: Ver: 3.0.0
[    0.202615] PCI: Using ACPI for IRQ routing
[    0.204179] NetLabel: Initializing
[    0.204592] NetLabel:  domain hash size = 128
[    0.205106] NetLabel:  protocols = UNLABELED CIPSOv4 CALIPSO
[    0.205736] NetLabel:  unlabeled traffic allowed by default
[    0.206517] clocksource: Switched to clocksource kvm-clock
[    0.209027] VFS: Disk quotas dquot_6.6.0
[    0.211589] VFS: Dquot-cache hash table entries: 512 (order 0, 4096 bytes)
[    0.212630] AppArmor: AppArmor Filesystem Enabled
[    0.213808] pnp: PnP ACPI init
[    0.214771] pnp: PnP ACPI: found 3 devices
[    0.221635] clocksource: acpi_pm: mask: 0xffffff max_cycles: 0xffffff, max_idle_ns: 2085701024 ns
[    0.222721] NET: Registered protocol family 2
[    0.223259] IP idents hash table entries: 32768 (order: 6, 262144 bytes)
[    0.224138] TCP established hash table entries: 16384 (order: 5, 131072 bytes)
[    0.224927] TCP bind hash table entries: 16384 (order: 6, 262144 bytes)
[    0.225778] TCP: Hash tables configured (established 16384 bind 16384)
[    0.226390] UDP hash table entries: 1024 (order: 3, 32768 bytes)
[    0.226944] UDP-Lite hash table entries: 1024 (order: 3, 32768 bytes)
[    0.227668] NET: Registered protocol family 1
[    0.228307] pci 0000:00:00.0: Limiting direct PCI/PCI transfers
[    0.228937] pci 0000:00:01.0: Activating ISA DMA hang workarounds
[    0.229560] pci 0000:00:02.0: Video device with shadowed ROM at [mem 0x000c0000-0x000dffff]
[    0.230459] Unpacking initramfs...
[    0.416075] Freeing initrd memory: 20416K
[    0.416075] clocksource: tsc: mask: 0xffffffffffffffff max_cycles: 0x31433e83898, max_idle_ns: 440795269386 ns
[    0.419313] platform rtc_cmos: registered platform RTC device (no PNP device found)
[    0.420102] Scanning for low memory corruption every 60 seconds
[    0.421184] Initialise system trusted keyrings
[    0.421646] Key type blacklist registered
[    0.422051] workingset: timestamp_bits=36 max_order=19 bucket_order=0
[    0.423156] zbud: loaded
[    0.423730] squashfs: version 4.0 (2009/01/31) Phillip Lougher
[    0.424344] fuse init (API version 7.26)
[    0.425735] Key type asymmetric registered
[    0.426138] Asymmetric key parser 'x509' registered
[    0.426642] Block layer SCSI generic (bsg) driver version 0.4 loaded (major 246)
[    0.427362] io scheduler noop registered
[    0.427919] io scheduler deadline registered
[    0.428793] io scheduler cfq registered (default)
[    0.430013] ACPI: AC Adapter [AC] (on-line)
[    0.431022] input: Power Button as /devices/LNXSYSTM:00/LNXPWRBN:00/input/input0
[    0.431968] ACPI: Power Button [PWRF]
[    0.432428] input: Sleep Button as /devices/LNXSYSTM:00/LNXSLPBN:00/input/input1
[    0.433184] ACPI: Sleep Button [SLPF]
[    0.434304] ACPI: Battery Slot [BAT0] (battery present)
[    0.434963] Serial: 8250/16550 driver, 32 ports, IRQ sharing enabled
[    0.456166] 00:02: ttyS0 at I/O 0x3f8 (irq = 4, base_baud = 115200) is a 16550A
[    0.459342] Linux agpgart interface v0.103
[    0.460695] loop: module loaded
[    0.461383] scsi host0: ata_piix
[    0.461784] scsi host1: ata_piix
[    0.462180] ata1: PATA max UDMA/33 cmd 0x1f0 ctl 0x3f6 bmdma 0xd000 irq 14
[    0.462832] ata2: PATA max UDMA/33 cmd 0x170 ctl 0x376 bmdma 0xd008 irq 15
[    0.463688] tun: Universal TUN/TAP device driver, 1.6
[    0.464238] PPP generic driver version 2.4.2
[    0.464704] ehci_hcd: USB 2.0 'Enhanced' Host Controller (EHCI) Driver
[    0.465337] ehci-pci: EHCI PCI platform driver
[    0.465778] ehci-platform: EHCI generic platform driver
[    0.466279] ohci_hcd: USB 1.1 'Open' Host Controller (OHCI) Driver
[    0.466856] ohci-pci: OHCI PCI platform driver
[    0.467286] ohci-platform: OHCI generic platform driver
[    0.467801] uhci_hcd: USB Universal Host Controller Interface driver
[    0.468436] i8042: PNP: PS/2 Controller [PNP0303:PS2K,PNP0f03:PS2M] at 0x60,0x64 irq 1,12
[    0.469523] serio: i8042 KBD port at 0x60,0x64 irq 1
[    0.470006] serio: i8042 AUX port at 0x60,0x64 irq 12
[    0.470866] mousedev: PS/2 mouse device common for all mice
[    0.471936] input: AT Translated Set 2 keyboard as /devices/platform/i8042/serio0/input/input2
[    0.473747] rtc_cmos rtc_cmos: rtc core: registered rtc_cmos as rtc0
[    0.474845] rtc_cmos rtc_cmos: alarms up to one day, 114 bytes nvram
[    0.475553] i2c /dev entries driver
[    0.476018] device-mapper: uevent: version 1.0.3
[    0.476656] device-mapper: ioctl: 4.37.0-ioctl (2017-09-20) initialised: dm-devel@redhat.com
[    0.477634] ledtrig-cpu: registered to indicate activity on CPUs
[    0.478537] NET: Registered protocol family 10
[    0.481769] Segment Routing with IPv6
[    0.482241] NET: Registered protocol family 17
[    0.482735] Key type dns_resolver registered
[    0.483290] mce: Using 0 MCE banks
[    0.483613] RAS: Correctable Errors collector initialized.
[    0.484184] sched_clock: Marking stable (484159579, 0)->(588601235, -104441656)
[    0.485086] registered taskstats version 1
[    0.485512] Loading compiled-in X.509 certificates
[    0.487334] Loaded X.509 cert 'Build time autogenerated kernel key: b5b26778eaa3ab3a4a6cee031137706e947d12ad'
[    0.488735] Loaded X.509 cert 'Canonical Ltd. Live Patch Signing: 14df34d1a87cf37625abec039ef2bf521249b969'
[    0.489962] Loaded X.509 cert 'Canonical Ltd. Kernel Module Signing: 88f752e560a1e0737e31163a466ad7b70a850c19'
[    0.490843] blacklist: Loading compiled-in revocation X.509 certificates
[    0.491778] Loaded X.509 cert 'Canonical Ltd. Secure Boot Signing: 61482aa2830d0ab2ad5af10b7250da9033ddcef0'
[    0.492948] Loaded X.509 cert 'Canonical Ltd. Secure Boot Signing (2017): 242ade75ac4a15e50d50c84b0d45ff3eae707a03'
[    0.493928] Loaded X.509 cert 'Canonical Ltd. Secure Boot Signing (ESM 2018): 365188c1d374d6b07c3c8f240f8ef722433d6a8b'
[    0.494913] Loaded X.509 cert 'Canonical Ltd. Secure Boot Signing (2019): c0746fd6c5da3ae827864651ad66ae47fe24b3e8'
[    0.496076] Loaded X.509 cert 'Canonical Ltd. Secure Boot Signing (2021 v1): a8d54bbb3825cfb94fa13c9f8a594a195c107b8d'
[    0.497041] Loaded X.509 cert 'Canonical Ltd. Secure Boot Signing (2021 v2): 4cf046892d6fd3c9a5b03f98d845f90851dc6a8c'
[    0.498019] Loaded X.509 cert 'Canonical Ltd. Secure Boot Signing (2021 v3): 100437bb6de6e469b581e61cd66bce3ef4ed53af'
[    0.498972] Loaded X.509 cert 'Canonical Ltd. Secure Boot Signing (Ubuntu Core 2019): c1d57b8f6b743f23ee41f4f7ee292f06eecadfb9'
[    0.500187] zswap: loaded using pool lzo/zbud
[    0.502856] Key type big_key registered
[    0.503279] Key type trusted registered
[    0.504617] Key type encrypted registered
[    0.505016] AppArmor: AppArmor sha1 policy hashing enabled
[    0.505543] ima: No TPM chip found, activating TPM-bypass! (rc=-19)
[    0.506097] ima: Allocated hash algorithm: sha1
[    0.506540] evm: HMAC attrs: 0x1
[    0.507009]   Magic number: 7:470:973
[    0.507452] rtc_cmos rtc_cmos: setting system clock to 2023-09-05 06:59:49 UTC (1693897189)
[    0.508418] BIOS EDD facility v0.16 2004-Jun-25, 0 devices found
[    0.509517] EDD information not available.
[    0.647651] Freeing unused kernel image memory: 2480K
[    0.992186] Write protecting the kernel read-only data: 20480k
[    0.997053] Freeing unused kernel image memory: 2008K
[    0.998233] Freeing unused kernel image memory: 1820K
[    1.002000] x86/mm: Checked W+X mappings: passed, no W+X pages found.
[    1.002609] x86/mm: Checking user space page tables
[    1.006310] x86/mm: Checked W+X mappings: passed, no W+X pages found.
Loading, please wait...
starting version 237
[    1.061176] e1000: Intel(R) PRO/1000 Network Driver - version 7.3.21-k8-NAPI
[    1.061905] e1000: Copyright (c) 1999-2006 Intel Corporation.
[    1.063648] Fusion MPT base driver 3.04.20
[    1.064093] Copyright (c) 1999-2008 LSI Corporation
[    1.068789] Fusion MPT SPI Host driver 3.04.20
[    1.073211] AVX2 version of gcm_enc/dec engaged.
[    1.073706] AES CTR mode by8 optimization enabled
[    1.075151] vboxvideo: loading out-of-tree module taints kernel.
[    1.076117] vboxvideo: module verification failed: signature and/or required key missing - tainting kernel
[    1.079767] vboxvideo: loading version 6.1.46 r158378
[    1.271221] input: ImExPS/2 Generic Explorer Mouse as /devices/platform/i8042/serio1/input/input4
[    1.421597] e1000 0000:00:03.0 eth0: (PCI:33MHz:32-bit) 02:3b:7b:b7:3b:2d
[    1.423672] e1000 0000:00:03.0 eth0: Intel(R) PRO/1000 Network Connection
[    1.425386] mptbase: ioc0: Initiating bringup
[    1.520648] ioc0: LSI53C1030 A0: Capabilities={Initiator}
[    1.760990] scsi host2: ioc0: LSI53C1030 A0, FwRev=00000000h, Ports=1, MaxQ=256, IRQ=20
[    1.929548] scsi 2:0:0:0: Direct-Access     VBOX     HARDDISK         1.0  PQ: 0 ANSI: 5
[    1.932530] [drm] VRAM 01000000
[    1.933208] [TTM] Zone  kernel: Available graphics memory: 1020354 kiB
[    1.933850] [TTM] Initializing pool allocator
[    1.934250] [TTM] Initializing DMA pool allocator
[    1.936011] fbcon: vboxdrmfb (fb0) is primary device
[    1.936928] Console: switching to colour frame buffer device 100x37
[    1.938197] vboxvideo 0000:00:02.0: fb0: vboxdrmfb frame buffer device
[    1.956215] [drm] Initialized vboxvideo 1.0.0 20130823 for 0000:00:02.0 on minor 0
[    1.964265] scsi target2:0:0: Beginning Domain Validation
[    1.966683] scsi target2:0:0: Domain Validation skipping write tests
[    1.967237] scsi target2:0:0: Ending Domain Validation
[    1.967766] scsi target2:0:0: asynchronous
[    1.968320] scsi 2:0:1:0: Direct-Access     VBOX     HARDDISK         1.0  PQ: 0 ANSI: 5
[    2.020234] scsi target2:0:1: Beginning Domain Validation
[    2.023448] scsi target2:0:1: Domain Validation skipping write tests
[    2.024462] scsi target2:0:1: Ending Domain Validation
[    2.025278] scsi target2:0:1: asynchronous
[    2.028741] sd 2:0:0:0: [sda] 83886080 512-byte logical blocks: (42.9 GB/40.0 GiB)
[    2.029358] sd 2:0:0:0: [sda] Write Protect is off
[    2.029847] sd 2:0:0:0: [sda] Incomplete mode parameter data
[    2.030309] sd 2:0:0:0: [sda] Assuming drive cache: write through
[    2.030806] sd 2:0:0:0: Attached scsi generic sg0 type 0
[    2.031971] sd 2:0:1:0: Attached scsi generic sg1 type 0
[    2.032668] sd 2:0:1:0: [sdb] 20480 512-byte logical blocks: (10.5 MB/10.0 MiB)
[    2.033290] sd 2:0:1:0: [sdb] Write Protect is off
[    2.033760] sd 2:0:1:0: [sdb] Incomplete mode parameter data
[    2.034248] sd 2:0:1:0: [sdb] Assuming drive cache: write through
[    2.037707]  sda: sda1
[    2.038617] sd 2:0:0:0: [sda] Attached SCSI disk
[    2.039325] sd 2:0:1:0: [sdb] Attached SCSI disk
[    2.347654] e1000 0000:00:08.0 eth1: (PCI:33MHz:32-bit) 08:00:27:16:4d:9f
[    2.348988] e1000 0000:00:08.0 eth1: Intel(R) PRO/1000 Network Connection
[    2.350541] e1000 0000:00:08.0 enp0s8: renamed from eth1
[    2.388491] e1000 0000:00:03.0 enp0s3: renamed from eth0
Begin: Loading essential drivers ... [    2.511099] raid6: sse2x1   gen() 18743 MB/s
[    2.578878] raid6: sse2x1   xor() 13341 MB/s
[    2.635663] raid6: sse2x2   gen() 30266 MB/s
[    2.706857] raid6: sse2x2   xor() 19932 MB/s
[    2.752055] raid6: sse2x4   gen() 25262 MB/s
[    2.811711] raid6: sse2x4   xor() 17302 MB/s
[    2.860343] raid6: avx2x1   gen() 34023 MB/s
[    2.915131] raid6: avx2x1   xor() 26656 MB/s
[    2.963166] raid6: avx2x2   gen() 46990 MB/s
[    3.010828] raid6: avx2x2   xor() 26174 MB/s
[    3.063124] raid6: avx2x4   gen() 42233 MB/s
[    3.112595] raid6: avx2x4   xor() 21903 MB/s
[    3.113148] raid6: using algorithm avx2x2 gen() 46990 MB/s
[    3.113636] raid6: .... xor() 26174 MB/s, rmw enabled
[    3.114134] raid6: using avx2x2 recovery algorithm
[    3.115620] xor: automatically using best checksumming function   avx       
[    3.117309] async_tx: api initialized (async)
done.
Begin: Running /scripts/init-premount ... done.
Begin: Mounting root file system ... Begin: Running /scripts/local-top ... done.
Begin: Running /scripts/local-premount ... [    3.142633] Btrfs loaded, crc32c=crc32c-intel
Scanning for Btrfs filesystems
done.
Begin: Will now check root file system ... fsck from util-linux 2.31.1
[/sbin/fsck.ext4 (1) -- /dev/sda1] fsck.ext4 -a -C0 /dev/sda1 
cloudimg-rootfs: clean, 82977/5120000 files, 1025836/10485499 blocks
done.
[    3.213967] EXT4-fs (sda1): mounted filesystem with ordered data mode. Opts: (null)
done.
Begin: Running /scripts/local-bottom ... done.
Begin: Running /scripts/init-bottom ... done.
[    3.334947] ip_tables: (C) 2000-2006 Netfilter Core Team
[    3.340369] systemd[1]: systemd 237 running in system mode. (+PAM +AUDIT +SELINUX +IMA +APPARMOR +SMACK +SYSVINIT +UTMP +LIBCRYPTSETUP +GCRYPT +GNUTLS +ACL +XZ +LZ4 +SECCOMP +BLKID +ELFUTILS +KMOD -IDN2 +IDN -PCRE2 default-hierarchy=hybrid)
[    3.342408] systemd[1]: Detected virtualization oracle.
[    3.342997] systemd[1]: Detected architecture x86-64.

Welcome to [1mUbuntu 18.04.6 LTS[0m!

[    3.346505] systemd[1]: Set hostname to <sonarqube>.
[    3.514458] systemd[1]: Reached target User and Group Name Lookups.
[[0;32m  OK  [0m] Reached target User and Group Name Lookups.
[    3.533368] systemd[1]: Created slice System Slice.
[[0;32m  OK  [0m] Created slice System Slice.
[    3.534371] systemd[1]: Listening on LVM2 metadata daemon socket.
[[0;32m  OK  [0m] Listening on LVM2 metadata daemon socket.
[    3.535615] systemd[1]: Created slice system-postgresql.slice.
[[0;32m  OK  [0m] Created slice system-postgresql.slice.
[    3.536792] systemd[1]: Reached target System Time Synchronized.
[[0;32m  OK  [0m] Reached target System Time Synchronized.
[    3.538031] systemd[1]: Listening on LVM2 poll daemon socket.
[[0;32m  OK  [0m] Listening on LVM2 poll daemon socket.
[[0;32m  OK  [0m] Started Forward Password Requests to Wall Directory Watch.
[[0;32m  OK  [0m] Listening on Syslog Socket.
[[0;32m  OK  [0m] Created slice User and Session Slice.
[[0;32m  OK  [0m] Reached target Slices.
[[0;32m  OK  [0m] Reached target Mounting snaps.
[[0;32m  OK  [0m] Listening on fsck to fsckd communication Socket.
[[0;32m  OK  [0m] Reached target Mounted snaps.
[[0;32m  OK  [0m] Listening on Device-mapper event daemon FIFOs.
[[0;32m  OK  [0m] Listening on udev Control Socket.
[[0;32m  OK  [0m] Listening on udev Kernel Socket.
[[0;32m  OK  [0m] Created slice system-serial\x2dgetty.slice.
[[0;32m  OK  [0m] Listening on Network Service Netlink Socket.
[[0;32m  OK  [0m] Listening on /dev/initctl Compatibility Named Pipe.
[[0;32m  OK  [0m] Listening on Journal Socket (/dev/log).
[[0;32m  OK  [0m] Reached target Swap.
[[0;32m  OK  [0m] Listening on Journal Audit Socket.
[[0;32m  OK  [0m] Listening on Journal Socket.
         Starting Set the console keyboard layout...
         Mounting Kernel Debug File System...
         Starting Load Kernel Modules...
         Starting Monitoring of LVM2 mirrors…ng dmeventd or progress polling...
         Starting Uncomplicated firewall...
         Starting udev Coldplug all Devices...
         Mounting POSIX Message Queue File System...
         Mounting Huge Pages File System...
         Starting Journal Service...
         Starting Remount Root and Kernel File Systems...
[[0;32m  OK  [0m] Set up automount Arbitrary Executab…rmats File System Automount Point.
[    3.770577] Loading iSCSI transport class v2.0-870.
[    3.774860] iscsi: registered transport (tcp)
[    3.783908] iscsi: registered transport (iser)
         Starting Create list of required st…ce nodes for the current kernel...
[[0;32m  OK  [0m] Started Journal Service.
[[0;32m  OK  [0m] Mounted Kernel Debug File System.
[[0;32m  OK  [0m] Started Load Kernel Modules.
[[0;32m  OK  [0m] Started Uncomplicated firewall.
[[0;32m  OK  [0m] Mounted POSIX Message Queue File System.
[[0;32m  OK  [0m] Mounted Huge Pages File System.
[[0;32m  OK  [0m] Started LVM2 metadata daemon.
         Mounting Kernel Configuration File System...
         Starting Apply Kernel Variables...
         Mounting FUSE Control File System...
[[0;32m  OK  [0m] Mounted FUSE Control File System.
[[0;32m  OK  [0m] Mounted Kernel Configuration File System.
[    3.849789] EXT4-fs (sda1): re-mounted. Opts: (null)
[[0;32m  OK  [0m] Started Remount Root and Kernel File Systems.
         Starting Flush Journal to Persistent Storage...
         Starting Load/Save Random Seed...
[[0;32m  OK  [0m] Started Create list of required sta…vice nodes for the current kernel.
[[0;32m  OK  [0m] Started udev Coldplug all Devices.
         Starting Create Static Device Nodes in /dev...
[[0;32m  OK  [0m] Started Load/Save Random Seed.
[[0;32m  OK  [0m] Started Create Static Device Nodes in /dev.
         Starting udev Kernel Device Manager...
[[0;1;31mFAILED[0m] Failed to start Apply Kernel Variables.
See 'systemctl status systemd-sysctl.service' for details.
[[0;32m  OK  [0m] Started Monitoring of LVM2 mirrors,…sing dmeventd or progress polling.
[[0;32m  OK  [0m] Started udev Kernel Device Manager.
[[0;32m  OK  [0m] Started Set the console keyboard layout.
[[0;32m  OK  [0m] Reached target Local File Systems (Pre).
[[0;32m  OK  [0m] Reached target Local File Systems.
         Starting AppArmor initialization...
         Starting Set console font and keymap...
         Starting ebtables ruleset management...
         Starting Tell Plymouth To Write Out Runtime Data...
[[0;32m  OK  [0m] Started Dispatch Password Requests to Console Directory Watch.
[[0;32m  OK  [0m] Reached target Local Encrypted Volumes.
[[0;32m  OK  [0m] Started Set console font and keymap.
[[0;32m  OK  [0m] Started Flush Journal to Persistent Storage.
         Starting Create Volatile Files and Directories...
[[0;32m  OK  [0m] Started Tell Plymouth To Write Out Runtime Data.
[[0;32m  OK  [0m] Started Create Volatile Files and Directories.
         Starting Update UTMP about System Boot/Shutdown...
[[0;32m  OK  [0m] Started ebtables ruleset management.
[[0;32m  OK  [0m] Started Update UTMP about System Boot/Shutdown.
[[0;32m  OK  [0m] Found device /dev/ttyS0.
[[0;32m  OK  [0m] Listening on Load/Save RF Kill Switch Status /dev/rfkill Watch.
[[0;32m  OK  [0m] Started AppArmor initialization.
         Starting Load AppArmor profiles managed internally by snapd...
         Starting Initial cloud-init job (pre-networking)...
         Mounting Arbitrary Executable File Formats File System...
[[0;32m  OK  [0m] Mounted Arbitrary Executable File Formats File System.
[[0;32m  OK  [0m] Started Load AppArmor profiles managed internally by snapd.
[    4.940620] cloud-init[567]: Cloud-init v. 23.1.2-0ubuntu0~18.04.1 running 'init-local' at Tue, 05 Sep 2023 06:59:53 +0000. Up 4.81 seconds.
[[0;32m  OK  [0m] Started Initial cloud-init job (pre-networking).
[[0;32m  OK  [0m] Reached target Network (Pre).
         Starting Network Service...
[[0;32m  OK  [0m] Started Network Service.
         Starting Network Name Resolution...
         Starting Wait for Network to be Configured...
[[0;32m  OK  [0m] Started Network Name Resolution.
[[0;32m  OK  [0m] Reached target Host and Network Name Lookups.
[[0;32m  OK  [0m] Reached target Network.
[[0;32m  OK  [0m] Started Wait for Network to be Configured.
         Starting Initial cloud-init job (metadata service crawler)...
[    7.213228] cloud-init[717]: Cloud-init v. 23.1.2-0ubuntu0~18.04.1 running 'init' at Tue, 05 Sep 2023 06:59:56 +0000. Up 7.11 seconds.
[    7.214324] cloud-init[717]: ci-info: ++++++++++++++++++++++++++++++++++++++Net device info+++++++++++++++++++++++++++++++++++++++
[    7.215174] cloud-init[717]: ci-info: +--------+------+-----------------------------+---------------+--------+-------------------+
[    7.216405] cloud-init[717]: ci-info: | Device |  Up  |           Address           |      Mask     | Scope  |     Hw-Address    |
[    7.217465] cloud-init[717]: ci-info: +--------+------+-----------------------------+---------------+--------+-------------------+
[    7.219015] cloud-init[717]: ci-info: | enp0s3 | True |          10.0.2.15          | 255.255.255.0 | global | 02:3b:7b:b7:3b:2d |
[    7.220542] cloud-init[717]: ci-info: | enp0s3 | True |  fe80::3b:7bff:feb7:3b2d/64 |       .       |  link  | 02:3b:7b:b7:3b:2d |
[    7.221944] cloud-init[717]: ci-info: | enp0s8 | True |        192.168.56.57        | 255.255.255.0 | global | 08:00:27:16:4d:9f |
[    7.222902] cloud-init[717]: ci-info: | enp0s8 | True | fe80::a00:27ff:fe16:4d9f/64 |       .       |  link  | 08:00:27:16:4d:9f |
[    7.223885] cloud-init[717]: ci-info: |   lo   | True |          127.0.0.1          |   255.0.0.0   |  host  |         .         |
[    7.224702] cloud-init[717]: ci-info: |   lo   | True |           ::1/128           |       .       |  host  |         .         |
[    7.225504] cloud-init[717]: ci-info: +--------+------+-----------------------------+---------------+--------+-------------------+
[    7.226308] cloud-init[717]: ci-info: +++++++++++++++++++++++++++++Route IPv4 info+++++++++++++++++++++++++++++
[    7.227079] cloud-init[717]: ci-info: +-------+--------------+----------+-----------------+-----------+-------+
[    7.228135] cloud-init[717]: ci-info: | Route | Destination  | Gateway  |     Genmask     | Interface | Flags |
[    7.228921] cloud-init[717]: ci-info: +-------+--------------+----------+-----------------+-----------+-------+
[    7.229661] cloud-init[717]: ci-info: |   0   |   0.0.0.0    | 10.0.2.2 |     0.0.0.0     |   enp0s3  |   UG  |
[    7.230319] cloud-init[717]: ci-info: |   1   |   10.0.2.0   | 0.0.0.0  |  255.255.255.0  |   enp0s3  |   U   |
[    7.230916] cloud-init[717]: ci-info: |   2   |   10.0.2.2   | 0.0.0.0  | 255.255.255.255 |   enp0s3  |   UH  |
[    7.231719] cloud-init[717]: ci-info: |   3   | 192.168.56.0 | 0.0.0.0  |  255.255.255.0  |   enp0s8  |   U   |
[    7.232787] cloud-init[717]: ci-info: +-------+--------------+----------+-----------------+-----------+-------+
[    7.233761] cloud-init[717]: ci-info: +++++++++++++++++++Route IPv6 info+++++++++++++++++++
[    7.234599] cloud-init[717]: ci-info: +-------+-------------+---------+-----------+-------+
[    7.235333] cloud-init[717]: ci-info: | Route | Destination | Gateway | Interface | Flags |
[    7.236166] cloud-init[717]: ci-info: +-------+-------------+---------+-----------+-------+
[    7.236987] cloud-init[717]: ci-info: |   1   |  fe80::/64  |    ::   |   enp0s8  |   U   |
[    7.237933] cloud-init[717]: ci-info: |   2   |  fe80::/64  |    ::   |   enp0s3  |   U   |
[    7.238694] cloud-init[717]: ci-info: |   4   |    local    |    ::   |   enp0s3  |   U   |
[    7.239425] cloud-init[717]: ci-info: |   5   |    local    |    ::   |   enp0s8  |   U   |
[    7.240151] cloud-init[717]: ci-info: |   6   |   ff00::/8  |    ::   |   enp0s8  |   U   |
[    7.240872] cloud-init[717]: ci-info: |   7   |   ff00::/8  |    ::   |   enp0s3  |   U   |
[    7.241591] cloud-init[717]: ci-info: +-------+-------------+---------+-----------+-------+
[[0;32m  OK  [0m] Started Initial cloud-init job (metadata service crawler).
[[0;32m  OK  [0m] Reached target Cloud-config availability.
[[0;32m  OK  [0m] Reached target Network is Online.
[[0;32m  OK  [0m] Reached target Remote File Systems (Pre).
[[0;32m  OK  [0m] Reached target Remote File Systems.
         Starting Availability of block devices...
[[0;32m  OK  [0m] Reached target System Initialization.
[[0;32m  OK  [0m] Listening on ACPID Listen Socket.
[[0;32m  OK  [0m] Listening on Open-iSCSI iscsid Socket.
         Starting Socket activation for snappy daemon.
[[0;32m  OK  [0m] Started ACPI Events Check.
[[0;32m  OK  [0m] Started Message of the Day.
[[0;32m  OK  [0m] Listening on D-Bus System Message Bus Socket.
[[0;32m  OK  [0m] Listening on cloud-init hotplug hook socket.
[[0;32m  OK  [0m] Reached target Paths.
[[0;32m  OK  [0m] Started Ubuntu Advantage Timer for running repeated jobs.
[[0;32m  OK  [0m] Started Discard unused blocks once a week.
[[0;32m  OK  [0m] Started Daily apt download activities.
[[0;32m  OK  [0m] Started Daily apt upgrade and clean activities.
[[0;32m  OK  [0m] Started Daily Cleanup of Temporary Directories.
[[0;32m  OK  [0m] Reached target Timers.
         Starting LXD - unix socket.
[[0;32m  OK  [0m] Listening on UUID daemon activation socket.
[[0;32m  OK  [0m] Listening on Socket activation for snappy daemon.
[[0;32m  OK  [0m] Listening on LXD - unix socket.
[[0;32m  OK  [0m] Reached target Sockets.
[[0;32m  OK  [0m] Reached target Basic System.
         Starting LSB: Record successful boot for GRUB...
         Starting A high performance web server and a reverse proxy server...
         Starting Permit User Sessions...
         Starting Login Service...
         Starting LXD - container startup/shutdown...
         Starting Accounts Service...
[[0;32m  OK  [0m] Started D-Bus System Message Bus.
         Starting Resets System Activity Data Collector...
[[0;32m  OK  [0m] Started FUSE filesystem for LXC.
[[0;32m  OK  [0m] Reached target Login Prompts (Pre).
         Starting System Logging Service...
[[0;32m  OK  [0m] Started irqbalance daemon.
[[0;32m  OK  [0m] Started Regular background program processing daemon.
         Starting PostgreSQL Cluster 10-main...
         Starting SonarQube service...
[[0;32m  OK  [0m] Started Deferred execution scheduler.
         Starting vboxadd.service...
         Starting LSB: automatic crash report generation...
         Starting Dispatcher daemon for systemd-networkd...
         Starting OpenBSD Secure Shell server...
         Starting Snap Daemon...
[[0;32m  OK  [0m] Started Availability of block devices.
[[0;32m  OK  [0m] Started Permit User Sessions.
[[0;32m  OK  [0m] Started Resets System Activity Data Collector.
[[0;32m  OK  [0m] Started Login Service.
[[0;32m  OK  [0m] Started Unattended Upgrades Shutdown.
         Starting Hold until boot process finishes up...
         Starting Terminate Plymouth Boot Screen...
[[0;32m  OK  [0m] Started Hold until boot process finishes up.
         Starting Set console scheme...
[[0;32m  OK  [0m] Started Serial Getty on ttyS0.
[[0;32m  OK  [0m] Started Terminate Plymouth Boot Screen.
[[0;32m  OK  [0m] Started A high performance web server and a reverse proxy server.
[[0;32m  OK  [0m] Started LXD - container startup/shutdown.
[[0;32m  OK  [0m] Started System Logging Service.
[[0;32m  OK  [0m] Started Set console scheme.
[[0;32m  OK  [0m] Created slice system-getty.slice.
[[0;32m  OK  [0m] Started Getty on tty1.
[[0;32m  OK  [0m] Reached target Login Prompts.
         Starting Authorization Manager...
[[0;32m  OK  [0m] Started OpenBSD Secure Shell server.
[[0;32m  OK  [0m] Started Authorization Manager.
[[0;32m  OK  [0m] Started Accounts Service.
[[0;32m  OK  [0m] Started LSB: Record successful boot for GRUB.
[[0;32m  OK  [0m] Started LSB: automatic crash report generation.
[[0;32m  OK  [0m] Started Dispatcher daemon for systemd-networkd.
[[0;32m  OK  [0m] Started vboxadd.service.
         Starting vboxadd-service.service...
[[0;32m  OK  [0m] Started SonarQube service.
[[0;32m  OK  [0m] Started vboxadd-service.service.
[[0;32m  OK  [0m] Started Snap Daemon.
         Starting Wait until snapd is fully seeded...
         Starting Time & Date Service...
[[0;32m  OK  [0m] Started Time & Date Service.
[[0;32m  OK  [0m] Started Wait until snapd is fully seeded.
         Starting Apply the settings specified in cloud-config...
[    9.272149] cloud-init[1530]: Cloud-init v. 23.1.2-0ubuntu0~18.04.1 running 'modules:config' at Tue, 05 Sep 2023 06:59:58 +0000. Up 9.14 seconds.
[[0;32m  OK  [0m] Started Apply the settings specified in cloud-config.
[[0;32m  OK  [0m] Started PostgreSQL Cluster 10-main.
         Starting PostgreSQL RDBMS...
[[0;32m  OK  [0m] Started PostgreSQL RDBMS.
[[0;32m  OK  [0m] Reached target Multi-User System.
[[0;32m  OK  [0m] Reached target Graphical Interface.
         Starting Update UTMP about System Runlevel Changes...
         Starting Execute cloud user/final scripts...
[[0;32m  OK  [0m] Started Update UTMP about System Runlevel Changes.
[   11.120960] cloud-init[1672]: Cloud-init v. 23.1.2-0ubuntu0~18.04.1 running 'modules:final' at Tue, 05 Sep 2023 07:00:00 +0000. Up 11.04 seconds.
[   11.122614] cloud-init[1672]: Cloud-init v. 23.1.2-0ubuntu0~18.04.1 finished at Tue, 05 Sep 2023 07:00:00 +0000. Datasource DataSourceNoCloud [seed=/dev/sdb][dsmode=net].  Up 11.11 seconds
[[0;32m  OK  [0m] Started Execute cloud user/final scripts.
[[0;32m  OK  [0m] Reached target Cloud-init target.

Ubuntu 18.04.6 LTS sonarqube ttyS0

sonarqube login: 